2020-10-20 22:41:06,102 [Worker-7] INFO  c.g.t.t.d.PublishedGradleVersions - Gradle version information cache is up-to-date. Trying to read.
2020-10-20 22:59:39,018 [Worker-17] INFO  o.e.m.c.i.p.ProjectConfigurationManager - Collecting project info '/pom.xml' C:\Users\David\Desktop\POKEMON\pokemon-back\pokemon-back\pom.xml
2020-10-20 22:59:49,052 [Worker-17] INFO  o.e.m.c.i.l.LifecycleMappingFactory - Using org.eclipse.m2e.jdt.JarLifecycleMapping lifecycle mapping for MavenProject: com.avatar:pokemon-back:0.0.1-SNAPSHOT @ C:\Users\David\Desktop\POKEMON\pokemon-back\pokemon-back\pom.xml.
2020-10-20 22:59:52,944 [Worker-17] INFO  o.e.m.j.i.AbstractJavaProjectConfigurator - Adding source folder /pokemon-back/src/main/java
2020-10-20 22:59:52,997 [Worker-17] INFO  o.e.m.j.i.AbstractJavaProjectConfigurator - Adding source folder /pokemon-back/src/test/java
2020-10-20 22:59:58,310 [Worker-17] INFO  o.e.m.c.i.p.ProjectConfigurationManager - Imported and configured 1 project(s) in 19 sec
2020-10-20 23:00:00,159 [Worker-22] INFO  o.e.m.c.i.embedder.EclipseLogger - Using 'UTF-8' encoding to copy filtered resources.
2020-10-20 23:00:00,160 [Worker-22] INFO  o.e.m.c.i.embedder.EclipseLogger - skip non existing resourceDirectory C:\Users\David\Desktop\POKEMON\pokemon-back\pokemon-back\src\main\resources
2020-10-20 23:00:00,187 [Worker-22] INFO  o.e.m.c.i.embedder.EclipseLogger - Using 'UTF-8' encoding to copy filtered resources.
2020-10-20 23:00:00,187 [Worker-22] INFO  o.e.m.c.i.embedder.EclipseLogger - skip non existing resourceDirectory C:\Users\David\Desktop\POKEMON\pokemon-back\pokemon-back\src\test\resources
2020-10-20 23:08:35,769 [Worker-23] INFO  o.e.m.c.i.embedder.EclipseLogger - Using 'UTF-8' encoding to copy filtered resources.
2020-10-20 23:08:35,770 [Worker-23] INFO  o.e.m.c.i.embedder.EclipseLogger - skip non existing resourceDirectory C:\Users\David\Desktop\POKEMON\pokemon-back\pokemon-back\src\main\resources
2020-10-20 23:08:35,780 [Worker-23] INFO  o.e.m.c.i.embedder.EclipseLogger - Using 'UTF-8' encoding to copy filtered resources.
2020-10-20 23:08:35,781 [Worker-23] INFO  o.e.m.c.i.embedder.EclipseLogger - skip non existing resourceDirectory C:\Users\David\Desktop\POKEMON\pokemon-back\pokemon-back\src\test\resources
2020-10-20 23:08:47,849 [Worker-26] INFO  o.e.m.c.i.embedder.EclipseLogger - Using 'UTF-8' encoding to copy filtered resources.
2020-10-20 23:08:47,849 [Worker-26] INFO  o.e.m.c.i.embedder.EclipseLogger - skip non existing resourceDirectory C:\Users\David\Desktop\POKEMON\pokemon-back\pokemon-back\src\main\resources
2020-10-20 23:08:47,853 [Worker-26] INFO  o.e.m.c.i.embedder.EclipseLogger - Using 'UTF-8' encoding to copy filtered resources.
2020-10-20 23:08:47,853 [Worker-26] INFO  o.e.m.c.i.embedder.EclipseLogger - skip non existing resourceDirectory C:\Users\David\Desktop\POKEMON\pokemon-back\pokemon-back\src\test\resources
2020-10-20 23:10:50,527 [main] INFO  o.e.m.c.i.l.LifecycleMappingFactory - Using org.eclipse.m2e.jdt.JarLifecycleMapping lifecycle mapping for MavenProject: com.avatar:pokemon-back:0.0.1-SNAPSHOT @ C:\Users\David\Desktop\POKEMON\pokemon-back\pokemon-back\pom.xml.
2020-10-20 23:14:10,962 [Worker-17] INFO  o.e.m.c.i.l.LifecycleMappingFactory - Using org.eclipse.m2e.jdt.JarLifecycleMapping lifecycle mapping for MavenProject: com.avatar:pokemon-back:0.0.1-SNAPSHOT @ C:\Users\David\Desktop\POKEMON\pokemon-back\pokemon-back\pom.xml.
2020-10-20 23:14:15,462 [Worker-17] INFO  o.e.m.c.i.embedder.EclipseLogger - Using 'UTF-8' encoding to copy filtered resources.
2020-10-20 23:14:15,463 [Worker-17] INFO  o.e.m.c.i.embedder.EclipseLogger - skip non existing resourceDirectory C:\Users\David\Desktop\POKEMON\pokemon-back\pokemon-back\src\main\resources
2020-10-20 23:14:15,464 [Worker-17] INFO  o.e.m.c.i.embedder.EclipseLogger - skip non existing resourceDirectory C:\Users\David\Desktop\POKEMON\pokemon-back\pokemon-back\src\main\resources
2020-10-20 23:14:15,499 [Worker-17] INFO  o.e.m.c.i.embedder.EclipseLogger - Using 'UTF-8' encoding to copy filtered resources.
2020-10-20 23:14:15,500 [Worker-17] INFO  o.e.m.c.i.embedder.EclipseLogger - skip non existing resourceDirectory C:\Users\David\Desktop\POKEMON\pokemon-back\pokemon-back\src\test\resources
2020-10-20 23:27:15,180 [Worker-30] INFO  o.e.m.c.i.l.LifecycleMappingFactory - Using org.eclipse.m2e.jdt.JarLifecycleMapping lifecycle mapping for MavenProject: com.avatar:pokemon-back:0.0.1-SNAPSHOT @ C:\Users\David\Desktop\POKEMON\pokemon-back\pokemon-back\pom.xml.
2020-10-20 23:27:15,977 [Worker-30] INFO  o.e.m.c.i.embedder.EclipseLogger - Using 'UTF-8' encoding to copy filtered resources.
2020-10-20 23:27:15,978 [Worker-30] INFO  o.e.m.c.i.embedder.EclipseLogger - skip non existing resourceDirectory C:\Users\David\Desktop\POKEMON\pokemon-back\pokemon-back\src\main\resources
2020-10-20 23:27:15,980 [Worker-30] INFO  o.e.m.c.i.embedder.EclipseLogger - skip non existing resourceDirectory C:\Users\David\Desktop\POKEMON\pokemon-back\pokemon-back\src\main\resources
2020-10-20 23:27:15,996 [Worker-30] INFO  o.e.m.c.i.embedder.EclipseLogger - Using 'UTF-8' encoding to copy filtered resources.
2020-10-20 23:27:15,998 [Worker-30] INFO  o.e.m.c.i.embedder.EclipseLogger - skip non existing resourceDirectory C:\Users\David\Desktop\POKEMON\pokemon-back\pokemon-back\src\test\resources
2020-10-20 23:27:19,318 [Worker-28] INFO  o.e.m.c.i.embedder.EclipseLogger - Using 'UTF-8' encoding to copy filtered resources.
2020-10-20 23:27:19,319 [Worker-28] INFO  o.e.m.c.i.embedder.EclipseLogger - skip non existing resourceDirectory C:\Users\David\Desktop\POKEMON\pokemon-back\pokemon-back\src\main\resources
2020-10-20 23:27:19,323 [Worker-28] INFO  o.e.m.c.i.embedder.EclipseLogger - skip non existing resourceDirectory C:\Users\David\Desktop\POKEMON\pokemon-back\pokemon-back\src\main\resources
2020-10-20 23:27:19,331 [Worker-28] INFO  o.e.m.c.i.embedder.EclipseLogger - Using 'UTF-8' encoding to copy filtered resources.
2020-10-20 23:27:19,332 [Worker-28] INFO  o.e.m.c.i.embedder.EclipseLogger - skip non existing resourceDirectory C:\Users\David\Desktop\POKEMON\pokemon-back\pokemon-back\src\test\resources
2020-10-20 23:28:58,597 [Worker-29] INFO  o.e.m.c.i.l.LifecycleMappingFactory - Using org.eclipse.m2e.jdt.JarLifecycleMapping lifecycle mapping for MavenProject: com.avatar:pokemon-back:0.0.1-SNAPSHOT @ C:\Users\David\Desktop\POKEMON\pokemon-back\pokemon-back\pom.xml.
2020-10-20 23:29:14,207 [Worker-29] INFO  o.e.m.c.i.embedder.EclipseLogger - Using 'UTF-8' encoding to copy filtered resources.
2020-10-20 23:29:14,208 [Worker-29] INFO  o.e.m.c.i.embedder.EclipseLogger - skip non existing resourceDirectory C:\Users\David\Desktop\POKEMON\pokemon-back\pokemon-back\src\main\resources
2020-10-20 23:29:14,209 [Worker-29] INFO  o.e.m.c.i.embedder.EclipseLogger - skip non existing resourceDirectory C:\Users\David\Desktop\POKEMON\pokemon-back\pokemon-back\src\main\resources
2020-10-20 23:29:14,228 [Worker-29] INFO  o.e.m.c.i.embedder.EclipseLogger - Using 'UTF-8' encoding to copy filtered resources.
2020-10-20 23:29:14,231 [Worker-29] INFO  o.e.m.c.i.embedder.EclipseLogger - skip non existing resourceDirectory C:\Users\David\Desktop\POKEMON\pokemon-back\pokemon-back\src\test\resources
2020-10-20 23:29:18,565 [Worker-28] INFO  o.e.m.c.i.embedder.EclipseLogger - Using 'UTF-8' encoding to copy filtered resources.
2020-10-20 23:29:18,566 [Worker-28] INFO  o.e.m.c.i.embedder.EclipseLogger - skip non existing resourceDirectory C:\Users\David\Desktop\POKEMON\pokemon-back\pokemon-back\src\main\resources
2020-10-20 23:29:18,567 [Worker-28] INFO  o.e.m.c.i.embedder.EclipseLogger - skip non existing resourceDirectory C:\Users\David\Desktop\POKEMON\pokemon-back\pokemon-back\src\main\resources
2020-10-20 23:29:18,577 [Worker-28] INFO  o.e.m.c.i.embedder.EclipseLogger - Using 'UTF-8' encoding to copy filtered resources.
2020-10-20 23:29:18,582 [Worker-28] INFO  o.e.m.c.i.embedder.EclipseLogger - skip non existing resourceDirectory C:\Users\David\Desktop\POKEMON\pokemon-back\pokemon-back\src\test\resources
2020-10-20 23:29:30,373 [Worker-32] INFO  o.e.m.c.i.embedder.EclipseLogger - Using 'UTF-8' encoding to copy filtered resources.
2020-10-20 23:29:30,374 [Worker-32] INFO  o.e.m.c.i.embedder.EclipseLogger - skip non existing resourceDirectory C:\Users\David\Desktop\POKEMON\pokemon-back\pokemon-back\src\main\resources
2020-10-20 23:29:30,375 [Worker-32] INFO  o.e.m.c.i.embedder.EclipseLogger - skip non existing resourceDirectory C:\Users\David\Desktop\POKEMON\pokemon-back\pokemon-back\src\main\resources
2020-10-20 23:29:30,380 [Worker-32] INFO  o.e.m.c.i.embedder.EclipseLogger - Using 'UTF-8' encoding to copy filtered resources.
2020-10-20 23:29:30,381 [Worker-32] INFO  o.e.m.c.i.embedder.EclipseLogger - skip non existing resourceDirectory C:\Users\David\Desktop\POKEMON\pokemon-back\pokemon-back\src\test\resources
2020-10-20 23:30:55,382 [Worker-30] WARN  o.e.r.models.ModelRepository - Failed to download org.eclipse.recommenders:index::zip:0.0.0
org.eclipse.aether.resolution.ArtifactResolutionException: Could not find artifact org.eclipse.recommenders:index:zip:0.0.0-SNAPSHOT in models (http://download.eclipse.org/recommenders/models/oxygen/)
	at org.eclipse.aether.internal.impl.DefaultArtifactResolver.resolve(DefaultArtifactResolver.java:453) ~[na:na]
	at org.eclipse.aether.internal.impl.DefaultArtifactResolver.resolveArtifacts(DefaultArtifactResolver.java:255) ~[na:na]
	at org.eclipse.aether.internal.impl.DefaultArtifactResolver.resolveArtifact(DefaultArtifactResolver.java:232) ~[na:na]
	at org.eclipse.aether.internal.impl.DefaultRepositorySystem.resolveArtifact(DefaultRepositorySystem.java:303) ~[na:na]
	at org.eclipse.recommenders.models.ModelRepository.resolveInternal(ModelRepository.java:193) [org.eclipse.recommenders.models_2.5.0.v20171201-1623.jar:na]
	at org.eclipse.recommenders.models.ModelRepository.resolve(ModelRepository.java:172) [org.eclipse.recommenders.models_2.5.0.v20171201-1623.jar:na]
	at org.eclipse.recommenders.internal.models.rcp.EclipseModelRepository.resolve(EclipseModelRepository.java:168) [org.eclipse.recommenders.models.rcp_2.5.0.v20171201-1623.jar:na]
	at org.eclipse.recommenders.internal.models.rcp.DownloadModelArchiveJob.run(DownloadModelArchiveJob.java:76) [org.eclipse.recommenders.models.rcp_2.5.0.v20171201-1623.jar:na]
	at org.eclipse.core.internal.jobs.Worker.run(Worker.java:56) [org.eclipse.core.jobs_3.9.2.v20171030-1027.jar:na]
Caused by: org.eclipse.aether.transfer.ArtifactNotFoundException: Could not find artifact org.eclipse.recommenders:index:zip:0.0.0-SNAPSHOT in models (http://download.eclipse.org/recommenders/models/oxygen/)
	at org.eclipse.aether.connector.basic.ArtifactTransportListener.transferFailed(ArtifactTransportListener.java:48) ~[org.apache.maven.resolver.connector.basic_1.0.3.v20170405-0725.jar:1.0.3]
	at org.eclipse.aether.connector.basic.BasicRepositoryConnector$TaskRunner.run(BasicRepositoryConnector.java:364) ~[org.apache.maven.resolver.connector.basic_1.0.3.v20170405-0725.jar:1.0.3]
	at org.eclipse.aether.util.concurrency.RunnableErrorForwarder$1.run(RunnableErrorForwarder.java:76) ~[na:na]
	at org.eclipse.aether.connector.basic.BasicRepositoryConnector$DirectExecutor.execute(BasicRepositoryConnector.java:590) ~[org.apache.maven.resolver.connector.basic_1.0.3.v20170405-0725.jar:1.0.3]
	at org.eclipse.aether.connector.basic.BasicRepositoryConnector.get(BasicRepositoryConnector.java:258) ~[org.apache.maven.resolver.connector.basic_1.0.3.v20170405-0725.jar:1.0.3]
	at org.eclipse.aether.internal.impl.DefaultArtifactResolver.performDownloads(DefaultArtifactResolver.java:529) ~[na:na]
	at org.eclipse.aether.internal.impl.DefaultArtifactResolver.resolve(DefaultArtifactResolver.java:430) ~[na:na]
	... 8 common frames omitted
2020-10-20 23:31:13,815 [Worker-29] INFO  o.e.m.c.i.embedder.EclipseLogger - Using 'UTF-8' encoding to copy filtered resources.
2020-10-20 23:31:13,816 [Worker-29] INFO  o.e.m.c.i.embedder.EclipseLogger - skip non existing resourceDirectory C:\Users\David\Desktop\POKEMON\pokemon-back\pokemon-back\src\main\resources
2020-10-20 23:31:13,817 [Worker-29] INFO  o.e.m.c.i.embedder.EclipseLogger - skip non existing resourceDirectory C:\Users\David\Desktop\POKEMON\pokemon-back\pokemon-back\src\main\resources
2020-10-20 23:31:13,825 [Worker-29] INFO  o.e.m.c.i.embedder.EclipseLogger - Using 'UTF-8' encoding to copy filtered resources.
2020-10-20 23:31:13,826 [Worker-29] INFO  o.e.m.c.i.embedder.EclipseLogger - skip non existing resourceDirectory C:\Users\David\Desktop\POKEMON\pokemon-back\pokemon-back\src\test\resources
2020-10-20 23:32:52,377 [Worker-31] INFO  o.e.m.c.i.embedder.EclipseLogger - Using 'UTF-8' encoding to copy filtered resources.
2020-10-20 23:32:52,381 [Worker-31] INFO  o.e.m.c.i.embedder.EclipseLogger - skip non existing resourceDirectory C:\Users\David\Desktop\POKEMON\pokemon-back\pokemon-back\src\main\resources
2020-10-20 23:32:52,382 [Worker-31] INFO  o.e.m.c.i.embedder.EclipseLogger - skip non existing resourceDirectory C:\Users\David\Desktop\POKEMON\pokemon-back\pokemon-back\src\main\resources
2020-10-20 23:32:52,393 [Worker-31] INFO  o.e.m.c.i.embedder.EclipseLogger - Using 'UTF-8' encoding to copy filtered resources.
2020-10-20 23:32:52,394 [Worker-31] INFO  o.e.m.c.i.embedder.EclipseLogger - skip non existing resourceDirectory C:\Users\David\Desktop\POKEMON\pokemon-back\pokemon-back\src\test\resources
2020-10-20 23:33:13,190 [Worker-30] INFO  o.e.m.c.i.embedder.EclipseLogger - Using 'UTF-8' encoding to copy filtered resources.
2020-10-20 23:33:13,194 [Worker-30] INFO  o.e.m.c.i.embedder.EclipseLogger - skip non existing resourceDirectory C:\Users\David\Desktop\POKEMON\pokemon-back\pokemon-back\src\main\resources
2020-10-20 23:33:13,196 [Worker-30] INFO  o.e.m.c.i.embedder.EclipseLogger - skip non existing resourceDirectory C:\Users\David\Desktop\POKEMON\pokemon-back\pokemon-back\src\main\resources
2020-10-20 23:33:13,205 [Worker-30] INFO  o.e.m.c.i.embedder.EclipseLogger - Using 'UTF-8' encoding to copy filtered resources.
2020-10-20 23:33:13,206 [Worker-30] INFO  o.e.m.c.i.embedder.EclipseLogger - skip non existing resourceDirectory C:\Users\David\Desktop\POKEMON\pokemon-back\pokemon-back\src\test\resources
2020-10-20 23:33:25,012 [Worker-27] INFO  o.e.m.c.i.embedder.EclipseLogger - Using 'UTF-8' encoding to copy filtered resources.
2020-10-20 23:33:25,013 [Worker-27] INFO  o.e.m.c.i.embedder.EclipseLogger - skip non existing resourceDirectory C:\Users\David\Desktop\POKEMON\pokemon-back\pokemon-back\src\main\resources
2020-10-20 23:33:25,014 [Worker-27] INFO  o.e.m.c.i.embedder.EclipseLogger - skip non existing resourceDirectory C:\Users\David\Desktop\POKEMON\pokemon-back\pokemon-back\src\main\resources
2020-10-20 23:33:25,023 [Worker-27] INFO  o.e.m.c.i.embedder.EclipseLogger - Using 'UTF-8' encoding to copy filtered resources.
2020-10-20 23:33:25,025 [Worker-27] INFO  o.e.m.c.i.embedder.EclipseLogger - skip non existing resourceDirectory C:\Users\David\Desktop\POKEMON\pokemon-back\pokemon-back\src\test\resources
2020-10-20 23:33:33,911 [Worker-30] INFO  o.e.m.c.i.embedder.EclipseLogger - Using 'UTF-8' encoding to copy filtered resources.
2020-10-20 23:33:33,916 [Worker-30] INFO  o.e.m.c.i.embedder.EclipseLogger - skip non existing resourceDirectory C:\Users\David\Desktop\POKEMON\pokemon-back\pokemon-back\src\main\resources
2020-10-20 23:33:33,917 [Worker-30] INFO  o.e.m.c.i.embedder.EclipseLogger - skip non existing resourceDirectory C:\Users\David\Desktop\POKEMON\pokemon-back\pokemon-back\src\main\resources
2020-10-20 23:33:33,935 [Worker-30] INFO  o.e.m.c.i.embedder.EclipseLogger - Using 'UTF-8' encoding to copy filtered resources.
2020-10-20 23:33:33,935 [Worker-30] INFO  o.e.m.c.i.embedder.EclipseLogger - skip non existing resourceDirectory C:\Users\David\Desktop\POKEMON\pokemon-back\pokemon-back\src\test\resources
2020-10-20 23:33:56,384 [Worker-30] INFO  o.e.m.c.i.embedder.EclipseLogger - Using 'UTF-8' encoding to copy filtered resources.
2020-10-20 23:33:56,385 [Worker-30] INFO  o.e.m.c.i.embedder.EclipseLogger - skip non existing resourceDirectory C:\Users\David\Desktop\POKEMON\pokemon-back\pokemon-back\src\main\resources
2020-10-20 23:33:56,386 [Worker-30] INFO  o.e.m.c.i.embedder.EclipseLogger - skip non existing resourceDirectory C:\Users\David\Desktop\POKEMON\pokemon-back\pokemon-back\src\main\resources
2020-10-20 23:33:56,394 [Worker-30] INFO  o.e.m.c.i.embedder.EclipseLogger - Using 'UTF-8' encoding to copy filtered resources.
2020-10-20 23:33:56,395 [Worker-30] INFO  o.e.m.c.i.embedder.EclipseLogger - skip non existing resourceDirectory C:\Users\David\Desktop\POKEMON\pokemon-back\pokemon-back\src\test\resources
2020-10-20 23:34:24,086 [Worker-27] INFO  o.e.m.c.i.embedder.EclipseLogger - Using 'UTF-8' encoding to copy filtered resources.
2020-10-20 23:34:24,091 [Worker-27] INFO  o.e.m.c.i.embedder.EclipseLogger - skip non existing resourceDirectory C:\Users\David\Desktop\POKEMON\pokemon-back\pokemon-back\src\main\resources
2020-10-20 23:34:24,092 [Worker-27] INFO  o.e.m.c.i.embedder.EclipseLogger - skip non existing resourceDirectory C:\Users\David\Desktop\POKEMON\pokemon-back\pokemon-back\src\main\resources
2020-10-20 23:34:24,119 [Worker-27] INFO  o.e.m.c.i.embedder.EclipseLogger - Using 'UTF-8' encoding to copy filtered resources.
2020-10-20 23:34:24,120 [Worker-27] INFO  o.e.m.c.i.embedder.EclipseLogger - skip non existing resourceDirectory C:\Users\David\Desktop\POKEMON\pokemon-back\pokemon-back\src\test\resources
2020-10-20 23:34:38,909 [Worker-31] INFO  o.e.m.c.i.embedder.EclipseLogger - Using 'UTF-8' encoding to copy filtered resources.
2020-10-20 23:34:38,910 [Worker-31] INFO  o.e.m.c.i.embedder.EclipseLogger - skip non existing resourceDirectory C:\Users\David\Desktop\POKEMON\pokemon-back\pokemon-back\src\main\resources
2020-10-20 23:34:38,910 [Worker-31] INFO  o.e.m.c.i.embedder.EclipseLogger - skip non existing resourceDirectory C:\Users\David\Desktop\POKEMON\pokemon-back\pokemon-back\src\main\resources
2020-10-20 23:34:38,917 [Worker-31] INFO  o.e.m.c.i.embedder.EclipseLogger - Using 'UTF-8' encoding to copy filtered resources.
2020-10-20 23:34:38,919 [Worker-31] INFO  o.e.m.c.i.embedder.EclipseLogger - skip non existing resourceDirectory C:\Users\David\Desktop\POKEMON\pokemon-back\pokemon-back\src\test\resources
2020-10-20 23:35:04,653 [Worker-31] INFO  o.e.m.c.i.embedder.EclipseLogger - Using 'UTF-8' encoding to copy filtered resources.
2020-10-20 23:35:04,654 [Worker-31] INFO  o.e.m.c.i.embedder.EclipseLogger - skip non existing resourceDirectory C:\Users\David\Desktop\POKEMON\pokemon-back\pokemon-back\src\main\resources
2020-10-20 23:35:04,655 [Worker-31] INFO  o.e.m.c.i.embedder.EclipseLogger - skip non existing resourceDirectory C:\Users\David\Desktop\POKEMON\pokemon-back\pokemon-back\src\main\resources
2020-10-20 23:35:04,661 [Worker-31] INFO  o.e.m.c.i.embedder.EclipseLogger - Using 'UTF-8' encoding to copy filtered resources.
2020-10-20 23:35:04,662 [Worker-31] INFO  o.e.m.c.i.embedder.EclipseLogger - skip non existing resourceDirectory C:\Users\David\Desktop\POKEMON\pokemon-back\pokemon-back\src\test\resources
2020-10-20 23:36:53,734 [Worker-31] INFO  o.e.m.c.i.embedder.EclipseLogger - Using 'UTF-8' encoding to copy filtered resources.
2020-10-20 23:36:53,735 [Worker-31] INFO  o.e.m.c.i.embedder.EclipseLogger - skip non existing resourceDirectory C:\Users\David\Desktop\POKEMON\pokemon-back\pokemon-back\src\main\resources
2020-10-20 23:36:53,736 [Worker-31] INFO  o.e.m.c.i.embedder.EclipseLogger - skip non existing resourceDirectory C:\Users\David\Desktop\POKEMON\pokemon-back\pokemon-back\src\main\resources
2020-10-20 23:36:53,743 [Worker-31] INFO  o.e.m.c.i.embedder.EclipseLogger - Using 'UTF-8' encoding to copy filtered resources.
2020-10-20 23:36:53,744 [Worker-31] INFO  o.e.m.c.i.embedder.EclipseLogger - skip non existing resourceDirectory C:\Users\David\Desktop\POKEMON\pokemon-back\pokemon-back\src\test\resources
2020-10-20 23:43:38,775 [Worker-31] INFO  o.e.m.c.i.l.LifecycleMappingFactory - Using org.eclipse.m2e.jdt.JarLifecycleMapping lifecycle mapping for MavenProject: com.avatar:pokemon-back:0.0.1-SNAPSHOT @ C:\Users\David\Desktop\POKEMON\pokemon-back\pokemon-back\pom.xml.
2020-10-20 23:43:52,684 [Worker-31] INFO  o.e.m.c.i.embedder.EclipseLogger - Using 'UTF-8' encoding to copy filtered resources.
2020-10-20 23:43:52,686 [Worker-31] INFO  o.e.m.c.i.embedder.EclipseLogger - skip non existing resourceDirectory C:\Users\David\Desktop\POKEMON\pokemon-back\pokemon-back\src\main\resources
2020-10-20 23:43:52,687 [Worker-31] INFO  o.e.m.c.i.embedder.EclipseLogger - skip non existing resourceDirectory C:\Users\David\Desktop\POKEMON\pokemon-back\pokemon-back\src\main\resources
2020-10-20 23:43:52,697 [Worker-31] INFO  o.e.m.c.i.embedder.EclipseLogger - Using 'UTF-8' encoding to copy filtered resources.
2020-10-20 23:43:52,698 [Worker-31] INFO  o.e.m.c.i.embedder.EclipseLogger - skip non existing resourceDirectory C:\Users\David\Desktop\POKEMON\pokemon-back\pokemon-back\src\test\resources
2020-10-20 23:43:56,611 [Worker-37] INFO  o.e.m.c.i.embedder.EclipseLogger - Using 'UTF-8' encoding to copy filtered resources.
2020-10-20 23:43:56,612 [Worker-37] INFO  o.e.m.c.i.embedder.EclipseLogger - skip non existing resourceDirectory C:\Users\David\Desktop\POKEMON\pokemon-back\pokemon-back\src\main\resources
2020-10-20 23:43:56,613 [Worker-37] INFO  o.e.m.c.i.embedder.EclipseLogger - skip non existing resourceDirectory C:\Users\David\Desktop\POKEMON\pokemon-back\pokemon-back\src\main\resources
2020-10-20 23:43:56,632 [Worker-37] INFO  o.e.m.c.i.embedder.EclipseLogger - Using 'UTF-8' encoding to copy filtered resources.
2020-10-20 23:43:56,634 [Worker-37] INFO  o.e.m.c.i.embedder.EclipseLogger - skip non existing resourceDirectory C:\Users\David\Desktop\POKEMON\pokemon-back\pokemon-back\src\test\resources
2020-10-20 23:52:47,675 [Worker-31] INFO  o.e.m.c.i.embedder.EclipseLogger - Using 'UTF-8' encoding to copy filtered resources.
2020-10-20 23:52:47,676 [Worker-31] INFO  o.e.m.c.i.embedder.EclipseLogger - skip non existing resourceDirectory C:\Users\David\Desktop\POKEMON\pokemon-back\pokemon-back\src\main\resources
2020-10-20 23:52:47,677 [Worker-31] INFO  o.e.m.c.i.embedder.EclipseLogger - skip non existing resourceDirectory C:\Users\David\Desktop\POKEMON\pokemon-back\pokemon-back\src\main\resources
2020-10-20 23:52:47,686 [Worker-31] INFO  o.e.m.c.i.embedder.EclipseLogger - Using 'UTF-8' encoding to copy filtered resources.
2020-10-20 23:52:47,688 [Worker-31] INFO  o.e.m.c.i.embedder.EclipseLogger - skip non existing resourceDirectory C:\Users\David\Desktop\POKEMON\pokemon-back\pokemon-back\src\test\resources
2020-10-20 23:55:40,631 [Worker-45] INFO  o.e.m.c.i.l.LifecycleMappingFactory - Using org.eclipse.m2e.jdt.JarLifecycleMapping lifecycle mapping for MavenProject: com.avatar:pokemon-back:0.0.1-SNAPSHOT @ C:\Users\David\Desktop\POKEMON\pokemon-back\pokemon-back\pom.xml.
2020-10-20 23:55:41,761 [Worker-45] INFO  o.e.m.c.i.e.AbstractTransferListenerAdapter - Downloaded https://repo.maven.apache.org/maven2/me/sargunvohra/lib/pokekotlin/2.3.1/pokekotlin-2.3.1.pom
2020-10-20 23:55:41,772 [Worker-45] WARN  o.e.m.c.i.embedder.EclipseLogger - The POM for me.sargunvohra.lib:pokekotlin:jar:2.3.1 is missing, no dependency information available
2020-10-20 23:55:42,017 [Worker-45] INFO  o.e.m.c.i.e.AbstractTransferListenerAdapter - Downloaded https://repo.maven.apache.org/maven2/me/sargunvohra/lib/pokekotlin/2.3.1/pokekotlin-2.3.1.jar
2020-10-20 23:55:43,159 [Worker-45] INFO  o.e.m.c.i.embedder.EclipseLogger - Using 'UTF-8' encoding to copy filtered resources.
2020-10-20 23:55:43,161 [Worker-45] INFO  o.e.m.c.i.embedder.EclipseLogger - skip non existing resourceDirectory C:\Users\David\Desktop\POKEMON\pokemon-back\pokemon-back\src\main\resources
2020-10-20 23:55:43,162 [Worker-45] INFO  o.e.m.c.i.embedder.EclipseLogger - skip non existing resourceDirectory C:\Users\David\Desktop\POKEMON\pokemon-back\pokemon-back\src\main\resources
2020-10-20 23:55:43,189 [Worker-45] INFO  o.e.m.c.i.embedder.EclipseLogger - Using 'UTF-8' encoding to copy filtered resources.
2020-10-20 23:55:43,190 [Worker-45] INFO  o.e.m.c.i.embedder.EclipseLogger - skip non existing resourceDirectory C:\Users\David\Desktop\POKEMON\pokemon-back\pokemon-back\src\test\resources
2020-10-20 23:55:44,122 [Worker-46] WARN  o.e.m.c.i.embedder.EclipseLogger - The POM for me.sargunvohra.lib:pokekotlin:jar:2.3.1 is missing, no dependency information available
2020-10-20 23:55:44,762 [Worker-46] WARN  o.e.m.c.i.embedder.EclipseLogger - The POM for me.sargunvohra.lib:pokekotlin:jar:2.3.1 is missing, no dependency information available
2020-10-20 23:59:35,613 [Worker-47] INFO  o.e.m.i.launch.MavenLaunchDelegate - C:\Users\David\Desktop\POKEMON\pokemon-back\pokemon-back
2020-10-20 23:59:35,616 [Worker-47] INFO  o.e.m.i.launch.MavenLaunchDelegate -  mvn -B install
2020-10-21 00:03:10,595 [Worker-50] INFO  o.e.m.c.i.e.AbstractTransferListenerAdapter - Downloading https://repo.maven.apache.org/maven2/org/springframework/boot/spring-boot-starter/2.0.1.RELEASE/spring-boot-starter-2.0.1.RELEASE-sources.jar
2020-10-21 00:03:10,803 [Worker-50] INFO  o.e.m.c.i.e.AbstractTransferListenerAdapter - Downloaded https://repo.maven.apache.org/maven2/org/springframework/boot/spring-boot-starter/2.0.1.RELEASE/spring-boot-starter-2.0.1.RELEASE-sources.jar
2020-10-21 00:03:11,088 [Worker-50] INFO  o.e.m.j.internal.DownloadSourcesJob - Downloaded sources for org.springframework.boot:spring-boot-starter:2.0.1.RELEASE
2020-10-21 00:03:11,182 [Worker-50] INFO  o.e.m.c.i.e.AbstractTransferListenerAdapter - Downloading https://repo.maven.apache.org/maven2/org/springframework/boot/spring-boot/2.0.1.RELEASE/spring-boot-2.0.1.RELEASE-sources.jar
2020-10-21 00:03:11,906 [Worker-50] INFO  o.e.m.c.i.e.AbstractTransferListenerAdapter - Downloaded https://repo.maven.apache.org/maven2/org/springframework/boot/spring-boot/2.0.1.RELEASE/spring-boot-2.0.1.RELEASE-sources.jar
2020-10-21 00:03:12,277 [Worker-50] INFO  o.e.m.j.internal.DownloadSourcesJob - Downloaded sources for org.springframework.boot:spring-boot:2.0.1.RELEASE
2020-10-21 00:03:12,375 [Worker-50] INFO  o.e.m.c.i.e.AbstractTransferListenerAdapter - Downloading https://repo.maven.apache.org/maven2/org/springframework/spring-context/5.0.5.RELEASE/spring-context-5.0.5.RELEASE-sources.jar
2020-10-21 00:03:13,024 [Worker-50] INFO  o.e.m.c.i.e.AbstractTransferListenerAdapter - Downloaded https://repo.maven.apache.org/maven2/org/springframework/spring-context/5.0.5.RELEASE/spring-context-5.0.5.RELEASE-sources.jar
2020-10-21 00:03:13,261 [Worker-50] INFO  o.e.m.j.internal.DownloadSourcesJob - Downloaded sources for org.springframework:spring-context:5.0.5.RELEASE
2020-10-21 00:03:13,399 [Worker-50] INFO  o.e.m.c.i.e.AbstractTransferListenerAdapter - Downloading https://repo.maven.apache.org/maven2/org/springframework/boot/spring-boot-autoconfigure/2.0.1.RELEASE/spring-boot-autoconfigure-2.0.1.RELEASE-sources.jar
2020-10-21 00:03:14,316 [Worker-50] INFO  o.e.m.c.i.e.AbstractTransferListenerAdapter - Downloaded https://repo.maven.apache.org/maven2/org/springframework/boot/spring-boot-autoconfigure/2.0.1.RELEASE/spring-boot-autoconfigure-2.0.1.RELEASE-sources.jar
2020-10-21 00:03:14,555 [Worker-50] INFO  o.e.m.j.internal.DownloadSourcesJob - Downloaded sources for org.springframework.boot:spring-boot-autoconfigure:2.0.1.RELEASE
2020-10-21 00:03:14,655 [Worker-50] INFO  o.e.m.c.i.e.AbstractTransferListenerAdapter - Downloading https://repo.maven.apache.org/maven2/org/springframework/boot/spring-boot-starter-logging/2.0.1.RELEASE/spring-boot-starter-logging-2.0.1.RELEASE-sources.jar
2020-10-21 00:03:14,765 [Worker-50] INFO  o.e.m.c.i.e.AbstractTransferListenerAdapter - Downloaded https://repo.maven.apache.org/maven2/org/springframework/boot/spring-boot-starter-logging/2.0.1.RELEASE/spring-boot-starter-logging-2.0.1.RELEASE-sources.jar
2020-10-21 00:03:14,973 [Worker-50] INFO  o.e.m.j.internal.DownloadSourcesJob - Downloaded sources for org.springframework.boot:spring-boot-starter-logging:2.0.1.RELEASE
2020-10-21 00:03:15,202 [Worker-50] INFO  o.e.m.c.i.e.AbstractTransferListenerAdapter - Downloading https://repo.maven.apache.org/maven2/ch/qos/logback/logback-classic/1.2.3/logback-classic-1.2.3-sources.jar
2020-10-21 00:03:15,656 [Worker-50] INFO  o.e.m.c.i.e.AbstractTransferListenerAdapter - Downloaded https://repo.maven.apache.org/maven2/ch/qos/logback/logback-classic/1.2.3/logback-classic-1.2.3-sources.jar
2020-10-21 00:03:16,032 [Worker-50] INFO  o.e.m.j.internal.DownloadSourcesJob - Downloaded sources for ch.qos.logback:logback-classic:1.2.3
2020-10-21 00:03:16,132 [Worker-50] INFO  o.e.m.c.i.e.AbstractTransferListenerAdapter - Downloading https://repo.maven.apache.org/maven2/ch/qos/logback/logback-core/1.2.3/logback-core-1.2.3-sources.jar
2020-10-21 00:03:16,920 [Worker-50] INFO  o.e.m.c.i.e.AbstractTransferListenerAdapter - Downloaded https://repo.maven.apache.org/maven2/ch/qos/logback/logback-core/1.2.3/logback-core-1.2.3-sources.jar
2020-10-21 00:03:17,204 [Worker-50] INFO  o.e.m.j.internal.DownloadSourcesJob - Downloaded sources for ch.qos.logback:logback-core:1.2.3
2020-10-21 00:03:17,297 [Worker-50] INFO  o.e.m.c.i.e.AbstractTransferListenerAdapter - Downloading https://repo.maven.apache.org/maven2/org/slf4j/slf4j-api/1.7.25/slf4j-api-1.7.25-sources.jar
2020-10-21 00:03:17,508 [Worker-50] INFO  o.e.m.c.i.e.AbstractTransferListenerAdapter - Downloaded https://repo.maven.apache.org/maven2/org/slf4j/slf4j-api/1.7.25/slf4j-api-1.7.25-sources.jar
2020-10-21 00:03:17,879 [Worker-50] INFO  o.e.m.j.internal.DownloadSourcesJob - Downloaded sources for org.slf4j:slf4j-api:1.7.25
2020-10-21 00:03:17,976 [Worker-50] INFO  o.e.m.c.i.e.AbstractTransferListenerAdapter - Downloading https://repo.maven.apache.org/maven2/org/apache/logging/log4j/log4j-to-slf4j/2.10.0/log4j-to-slf4j-2.10.0-sources.jar
2020-10-21 00:03:18,117 [Worker-50] INFO  o.e.m.c.i.e.AbstractTransferListenerAdapter - Downloaded https://repo.maven.apache.org/maven2/org/apache/logging/log4j/log4j-to-slf4j/2.10.0/log4j-to-slf4j-2.10.0-sources.jar
2020-10-21 00:03:18,486 [Worker-50] INFO  o.e.m.j.internal.DownloadSourcesJob - Downloaded sources for org.apache.logging.log4j:log4j-to-slf4j:2.10.0
2020-10-21 00:03:18,587 [Worker-50] INFO  o.e.m.c.i.e.AbstractTransferListenerAdapter - Downloading https://repo.maven.apache.org/maven2/org/apache/logging/log4j/log4j-api/2.10.0/log4j-api-2.10.0-sources.jar
2020-10-21 00:03:19,121 [Worker-50] INFO  o.e.m.c.i.e.AbstractTransferListenerAdapter - Downloaded https://repo.maven.apache.org/maven2/org/apache/logging/log4j/log4j-api/2.10.0/log4j-api-2.10.0-sources.jar
2020-10-21 00:03:19,601 [Worker-50] INFO  o.e.m.j.internal.DownloadSourcesJob - Downloaded sources for org.apache.logging.log4j:log4j-api:2.10.0
2020-10-21 00:03:19,695 [Worker-50] INFO  o.e.m.c.i.e.AbstractTransferListenerAdapter - Downloading https://repo.maven.apache.org/maven2/org/slf4j/jul-to-slf4j/1.7.25/jul-to-slf4j-1.7.25-sources.jar
2020-10-21 00:03:19,800 [Worker-50] INFO  o.e.m.c.i.e.AbstractTransferListenerAdapter - Downloaded https://repo.maven.apache.org/maven2/org/slf4j/jul-to-slf4j/1.7.25/jul-to-slf4j-1.7.25-sources.jar
2020-10-21 00:03:20,073 [Worker-50] INFO  o.e.m.j.internal.DownloadSourcesJob - Downloaded sources for org.slf4j:jul-to-slf4j:1.7.25
2020-10-21 00:03:20,167 [Worker-50] INFO  o.e.m.c.i.e.AbstractTransferListenerAdapter - Downloading https://repo.maven.apache.org/maven2/javax/annotation/javax.annotation-api/1.3.2/javax.annotation-api-1.3.2-sources.jar
2020-10-21 00:03:20,330 [Worker-50] INFO  o.e.m.c.i.e.AbstractTransferListenerAdapter - Downloaded https://repo.maven.apache.org/maven2/javax/annotation/javax.annotation-api/1.3.2/javax.annotation-api-1.3.2-sources.jar
2020-10-21 00:03:20,741 [Worker-50] INFO  o.e.m.j.internal.DownloadSourcesJob - Downloaded sources for javax.annotation:javax.annotation-api:1.3.2
2020-10-21 00:03:20,846 [Worker-50] INFO  o.e.m.c.i.e.AbstractTransferListenerAdapter - Downloading https://repo.maven.apache.org/maven2/org/springframework/spring-core/5.0.5.RELEASE/spring-core-5.0.5.RELEASE-sources.jar
2020-10-21 00:03:22,359 [Worker-50] INFO  o.e.m.c.i.e.AbstractTransferListenerAdapter - Downloaded https://repo.maven.apache.org/maven2/org/springframework/spring-core/5.0.5.RELEASE/spring-core-5.0.5.RELEASE-sources.jar
2020-10-21 00:03:22,582 [Worker-50] INFO  o.e.m.j.internal.DownloadSourcesJob - Downloaded sources for org.springframework:spring-core:5.0.5.RELEASE
2020-10-21 00:03:22,677 [Worker-50] INFO  o.e.m.c.i.e.AbstractTransferListenerAdapter - Downloading https://repo.maven.apache.org/maven2/org/springframework/spring-jcl/5.0.5.RELEASE/spring-jcl-5.0.5.RELEASE-sources.jar
2020-10-21 00:03:22,785 [Worker-50] INFO  o.e.m.c.i.e.AbstractTransferListenerAdapter - Downloaded https://repo.maven.apache.org/maven2/org/springframework/spring-jcl/5.0.5.RELEASE/spring-jcl-5.0.5.RELEASE-sources.jar
2020-10-21 00:03:22,981 [Worker-50] INFO  o.e.m.j.internal.DownloadSourcesJob - Downloaded sources for org.springframework:spring-jcl:5.0.5.RELEASE
2020-10-21 00:03:23,074 [Worker-50] INFO  o.e.m.c.i.e.AbstractTransferListenerAdapter - Downloading https://repo.maven.apache.org/maven2/org/yaml/snakeyaml/1.19/snakeyaml-1.19-sources.jar
2020-10-21 00:03:23,524 [Worker-50] INFO  o.e.m.c.i.e.AbstractTransferListenerAdapter - Downloaded https://repo.maven.apache.org/maven2/org/yaml/snakeyaml/1.19/snakeyaml-1.19-sources.jar
2020-10-21 00:03:23,857 [Worker-50] INFO  o.e.m.j.internal.DownloadSourcesJob - Downloaded sources for org.yaml:snakeyaml:1.19
2020-10-21 00:03:23,969 [Worker-50] INFO  o.e.m.c.i.e.AbstractTransferListenerAdapter - Downloading https://repo.maven.apache.org/maven2/org/springframework/boot/spring-boot-starter-web/2.0.1.RELEASE/spring-boot-starter-web-2.0.1.RELEASE-sources.jar
2020-10-21 00:03:24,093 [Worker-50] INFO  o.e.m.c.i.e.AbstractTransferListenerAdapter - Downloaded https://repo.maven.apache.org/maven2/org/springframework/boot/spring-boot-starter-web/2.0.1.RELEASE/spring-boot-starter-web-2.0.1.RELEASE-sources.jar
2020-10-21 00:03:24,594 [Worker-50] INFO  o.e.m.j.internal.DownloadSourcesJob - Downloaded sources for org.springframework.boot:spring-boot-starter-web:2.0.1.RELEASE
2020-10-21 00:03:24,688 [Worker-50] INFO  o.e.m.c.i.e.AbstractTransferListenerAdapter - Downloading https://repo.maven.apache.org/maven2/org/springframework/boot/spring-boot-starter-json/2.0.1.RELEASE/spring-boot-starter-json-2.0.1.RELEASE-sources.jar
2020-10-21 00:03:24,848 [Worker-50] INFO  o.e.m.c.i.e.AbstractTransferListenerAdapter - Downloaded https://repo.maven.apache.org/maven2/org/springframework/boot/spring-boot-starter-json/2.0.1.RELEASE/spring-boot-starter-json-2.0.1.RELEASE-sources.jar
2020-10-21 00:03:25,239 [Worker-50] INFO  o.e.m.j.internal.DownloadSourcesJob - Downloaded sources for org.springframework.boot:spring-boot-starter-json:2.0.1.RELEASE
2020-10-21 00:03:25,365 [Worker-50] INFO  o.e.m.c.i.e.AbstractTransferListenerAdapter - Downloading https://repo.maven.apache.org/maven2/com/fasterxml/jackson/core/jackson-databind/2.9.5/jackson-databind-2.9.5-sources.jar
2020-10-21 00:03:29,011 [Worker-50] INFO  o.e.m.c.i.e.AbstractTransferListenerAdapter - Downloaded https://repo.maven.apache.org/maven2/com/fasterxml/jackson/core/jackson-databind/2.9.5/jackson-databind-2.9.5-sources.jar
2020-10-21 00:03:29,327 [Worker-50] INFO  o.e.m.j.internal.DownloadSourcesJob - Downloaded sources for com.fasterxml.jackson.core:jackson-databind:2.9.5
2020-10-21 00:03:29,421 [Worker-50] INFO  o.e.m.c.i.e.AbstractTransferListenerAdapter - Downloading https://repo.maven.apache.org/maven2/com/fasterxml/jackson/core/jackson-annotations/2.9.0/jackson-annotations-2.9.0-sources.jar
2020-10-21 00:03:29,802 [Worker-50] INFO  o.e.m.c.i.e.AbstractTransferListenerAdapter - Downloaded https://repo.maven.apache.org/maven2/com/fasterxml/jackson/core/jackson-annotations/2.9.0/jackson-annotations-2.9.0-sources.jar
2020-10-21 00:03:30,385 [Worker-50] INFO  o.e.m.j.internal.DownloadSourcesJob - Downloaded sources for com.fasterxml.jackson.core:jackson-annotations:2.9.0
2020-10-21 00:03:30,501 [Worker-50] INFO  o.e.m.c.i.e.AbstractTransferListenerAdapter - Downloading https://repo.maven.apache.org/maven2/com/fasterxml/jackson/core/jackson-core/2.9.5/jackson-core-2.9.5-sources.jar
2020-10-21 00:03:31,643 [Worker-50] INFO  o.e.m.c.i.e.AbstractTransferListenerAdapter - Downloaded https://repo.maven.apache.org/maven2/com/fasterxml/jackson/core/jackson-core/2.9.5/jackson-core-2.9.5-sources.jar
2020-10-21 00:03:31,956 [Worker-50] INFO  o.e.m.j.internal.DownloadSourcesJob - Downloaded sources for com.fasterxml.jackson.core:jackson-core:2.9.5
2020-10-21 00:03:32,051 [Worker-50] INFO  o.e.m.c.i.e.AbstractTransferListenerAdapter - Downloading https://repo.maven.apache.org/maven2/com/fasterxml/jackson/datatype/jackson-datatype-jdk8/2.9.5/jackson-datatype-jdk8-2.9.5-sources.jar
2020-10-21 00:03:32,215 [Worker-50] INFO  o.e.m.c.i.e.AbstractTransferListenerAdapter - Downloaded https://repo.maven.apache.org/maven2/com/fasterxml/jackson/datatype/jackson-datatype-jdk8/2.9.5/jackson-datatype-jdk8-2.9.5-sources.jar
2020-10-21 00:03:32,519 [Worker-50] INFO  o.e.m.j.internal.DownloadSourcesJob - Downloaded sources for com.fasterxml.jackson.datatype:jackson-datatype-jdk8:2.9.5
2020-10-21 00:03:32,631 [Worker-50] INFO  o.e.m.c.i.e.AbstractTransferListenerAdapter - Downloading https://repo.maven.apache.org/maven2/com/fasterxml/jackson/datatype/jackson-datatype-jsr310/2.9.5/jackson-datatype-jsr310-2.9.5-sources.jar
2020-10-21 00:03:32,925 [Worker-50] INFO  o.e.m.c.i.e.AbstractTransferListenerAdapter - Downloaded https://repo.maven.apache.org/maven2/com/fasterxml/jackson/datatype/jackson-datatype-jsr310/2.9.5/jackson-datatype-jsr310-2.9.5-sources.jar
2020-10-21 00:03:33,208 [Worker-50] INFO  o.e.m.j.internal.DownloadSourcesJob - Downloaded sources for com.fasterxml.jackson.datatype:jackson-datatype-jsr310:2.9.5
2020-10-21 00:03:33,310 [Worker-50] INFO  o.e.m.c.i.e.AbstractTransferListenerAdapter - Downloading https://repo.maven.apache.org/maven2/com/fasterxml/jackson/module/jackson-module-parameter-names/2.9.5/jackson-module-parameter-names-2.9.5-sources.jar
2020-10-21 00:03:33,416 [Worker-50] INFO  o.e.m.c.i.e.AbstractTransferListenerAdapter - Downloaded https://repo.maven.apache.org/maven2/com/fasterxml/jackson/module/jackson-module-parameter-names/2.9.5/jackson-module-parameter-names-2.9.5-sources.jar
2020-10-21 00:03:33,656 [Worker-50] INFO  o.e.m.j.internal.DownloadSourcesJob - Downloaded sources for com.fasterxml.jackson.module:jackson-module-parameter-names:2.9.5
2020-10-21 00:03:33,762 [Worker-50] INFO  o.e.m.c.i.e.AbstractTransferListenerAdapter - Downloading https://repo.maven.apache.org/maven2/org/springframework/boot/spring-boot-starter-tomcat/2.0.1.RELEASE/spring-boot-starter-tomcat-2.0.1.RELEASE-sources.jar
2020-10-21 00:03:33,876 [Worker-50] INFO  o.e.m.c.i.e.AbstractTransferListenerAdapter - Downloaded https://repo.maven.apache.org/maven2/org/springframework/boot/spring-boot-starter-tomcat/2.0.1.RELEASE/spring-boot-starter-tomcat-2.0.1.RELEASE-sources.jar
2020-10-21 00:03:34,141 [Worker-50] INFO  o.e.m.j.internal.DownloadSourcesJob - Downloaded sources for org.springframework.boot:spring-boot-starter-tomcat:2.0.1.RELEASE
2020-10-21 00:03:34,263 [Worker-50] INFO  o.e.m.c.i.e.AbstractTransferListenerAdapter - Downloading https://repo.maven.apache.org/maven2/org/apache/tomcat/embed/tomcat-embed-core/8.5.29/tomcat-embed-core-8.5.29-sources.jar
2020-10-21 00:03:48,693 [Worker-50] INFO  o.e.m.c.i.e.AbstractTransferListenerAdapter - Downloaded https://repo.maven.apache.org/maven2/org/apache/tomcat/embed/tomcat-embed-core/8.5.29/tomcat-embed-core-8.5.29-sources.jar
2020-10-21 00:03:48,993 [Worker-50] INFO  o.e.m.j.internal.DownloadSourcesJob - Downloaded sources for org.apache.tomcat.embed:tomcat-embed-core:8.5.29
2020-10-21 00:03:49,106 [Worker-50] INFO  o.e.m.c.i.e.AbstractTransferListenerAdapter - Downloading https://repo.maven.apache.org/maven2/org/apache/tomcat/embed/tomcat-embed-el/8.5.29/tomcat-embed-el-8.5.29-sources.jar
2020-10-21 00:03:49,830 [Worker-50] INFO  o.e.m.c.i.e.AbstractTransferListenerAdapter - Downloaded https://repo.maven.apache.org/maven2/org/apache/tomcat/embed/tomcat-embed-el/8.5.29/tomcat-embed-el-8.5.29-sources.jar
2020-10-21 00:03:50,015 [Worker-50] INFO  o.e.m.j.internal.DownloadSourcesJob - Downloaded sources for org.apache.tomcat.embed:tomcat-embed-el:8.5.29
2020-10-21 00:03:50,112 [Worker-50] INFO  o.e.m.c.i.e.AbstractTransferListenerAdapter - Downloading https://repo.maven.apache.org/maven2/org/apache/tomcat/embed/tomcat-embed-websocket/8.5.29/tomcat-embed-websocket-8.5.29-sources.jar
2020-10-21 00:03:50,932 [Worker-50] INFO  o.e.m.c.i.e.AbstractTransferListenerAdapter - Downloaded https://repo.maven.apache.org/maven2/org/apache/tomcat/embed/tomcat-embed-websocket/8.5.29/tomcat-embed-websocket-8.5.29-sources.jar
2020-10-21 00:03:52,638 [Worker-50] INFO  o.e.m.j.internal.DownloadSourcesJob - Downloaded sources for org.apache.tomcat.embed:tomcat-embed-websocket:8.5.29
2020-10-21 00:03:52,747 [Worker-50] INFO  o.e.m.c.i.e.AbstractTransferListenerAdapter - Downloading https://repo.maven.apache.org/maven2/org/hibernate/validator/hibernate-validator/6.0.9.Final/hibernate-validator-6.0.9.Final-sources.jar
2020-10-21 00:03:57,501 [Worker-50] INFO  o.e.m.c.i.e.AbstractTransferListenerAdapter - Downloaded https://repo.maven.apache.org/maven2/org/hibernate/validator/hibernate-validator/6.0.9.Final/hibernate-validator-6.0.9.Final-sources.jar
2020-10-21 00:03:58,128 [Worker-50] INFO  o.e.m.j.internal.DownloadSourcesJob - Downloaded sources for org.hibernate.validator:hibernate-validator:6.0.9.Final
2020-10-21 00:03:58,239 [Worker-50] INFO  o.e.m.c.i.e.AbstractTransferListenerAdapter - Downloading https://repo.maven.apache.org/maven2/javax/validation/validation-api/2.0.1.Final/validation-api-2.0.1.Final-sources.jar
2020-10-21 00:03:58,861 [Worker-50] INFO  o.e.m.c.i.e.AbstractTransferListenerAdapter - Downloaded https://repo.maven.apache.org/maven2/javax/validation/validation-api/2.0.1.Final/validation-api-2.0.1.Final-sources.jar
2020-10-21 00:03:59,204 [Worker-50] INFO  o.e.m.j.internal.DownloadSourcesJob - Downloaded sources for javax.validation:validation-api:2.0.1.Final
2020-10-21 00:03:59,440 [Worker-50] INFO  o.e.m.c.i.e.AbstractTransferListenerAdapter - Downloading https://repo.maven.apache.org/maven2/org/jboss/logging/jboss-logging/3.3.2.Final/jboss-logging-3.3.2.Final-sources.jar
2020-10-21 00:03:59,789 [Worker-50] INFO  o.e.m.c.i.e.AbstractTransferListenerAdapter - Downloaded https://repo.maven.apache.org/maven2/org/jboss/logging/jboss-logging/3.3.2.Final/jboss-logging-3.3.2.Final-sources.jar
2020-10-21 00:04:00,457 [Worker-50] INFO  o.e.m.j.internal.DownloadSourcesJob - Downloaded sources for org.jboss.logging:jboss-logging:3.3.2.Final
2020-10-21 00:04:00,555 [Worker-50] INFO  o.e.m.c.i.e.AbstractTransferListenerAdapter - Downloading https://repo.maven.apache.org/maven2/com/fasterxml/classmate/1.3.4/classmate-1.3.4-sources.jar
2020-10-21 00:04:01,420 [Worker-50] INFO  o.e.m.c.i.e.AbstractTransferListenerAdapter - Downloaded https://repo.maven.apache.org/maven2/com/fasterxml/classmate/1.3.4/classmate-1.3.4-sources.jar
2020-10-21 00:04:01,769 [Worker-50] INFO  o.e.m.j.internal.DownloadSourcesJob - Downloaded sources for com.fasterxml:classmate:1.3.4
2020-10-21 00:04:01,882 [Worker-50] INFO  o.e.m.c.i.e.AbstractTransferListenerAdapter - Downloading https://repo.maven.apache.org/maven2/org/springframework/spring-web/5.0.5.RELEASE/spring-web-5.0.5.RELEASE-sources.jar
2020-10-21 00:04:05,850 [Worker-50] INFO  o.e.m.c.i.e.AbstractTransferListenerAdapter - Downloaded https://repo.maven.apache.org/maven2/org/springframework/spring-web/5.0.5.RELEASE/spring-web-5.0.5.RELEASE-sources.jar
2020-10-21 00:04:06,065 [Worker-50] INFO  o.e.m.j.internal.DownloadSourcesJob - Downloaded sources for org.springframework:spring-web:5.0.5.RELEASE
2020-10-21 00:04:06,163 [Worker-50] INFO  o.e.m.c.i.e.AbstractTransferListenerAdapter - Downloading https://repo.maven.apache.org/maven2/org/springframework/spring-beans/5.0.5.RELEASE/spring-beans-5.0.5.RELEASE-sources.jar
2020-10-21 00:04:09,120 [Worker-50] INFO  o.e.m.c.i.e.AbstractTransferListenerAdapter - Downloaded https://repo.maven.apache.org/maven2/org/springframework/spring-beans/5.0.5.RELEASE/spring-beans-5.0.5.RELEASE-sources.jar
2020-10-21 00:04:09,689 [Worker-50] INFO  o.e.m.j.internal.DownloadSourcesJob - Downloaded sources for org.springframework:spring-beans:5.0.5.RELEASE
2020-10-21 00:04:09,803 [Worker-50] INFO  o.e.m.c.i.e.AbstractTransferListenerAdapter - Downloading https://repo.maven.apache.org/maven2/org/springframework/spring-webmvc/5.0.5.RELEASE/spring-webmvc-5.0.5.RELEASE-sources.jar
2020-10-21 00:04:13,919 [Worker-50] INFO  o.e.m.c.i.e.AbstractTransferListenerAdapter - Downloaded https://repo.maven.apache.org/maven2/org/springframework/spring-webmvc/5.0.5.RELEASE/spring-webmvc-5.0.5.RELEASE-sources.jar
2020-10-21 00:04:14,169 [Worker-50] INFO  o.e.m.j.internal.DownloadSourcesJob - Downloaded sources for org.springframework:spring-webmvc:5.0.5.RELEASE
2020-10-21 00:04:14,277 [Worker-50] INFO  o.e.m.c.i.e.AbstractTransferListenerAdapter - Downloading https://repo.maven.apache.org/maven2/org/springframework/spring-aop/5.0.5.RELEASE/spring-aop-5.0.5.RELEASE-sources.jar
2020-10-21 00:04:15,796 [Worker-50] INFO  o.e.m.c.i.e.AbstractTransferListenerAdapter - Downloaded https://repo.maven.apache.org/maven2/org/springframework/spring-aop/5.0.5.RELEASE/spring-aop-5.0.5.RELEASE-sources.jar
2020-10-21 00:04:16,289 [Worker-50] INFO  o.e.m.j.internal.DownloadSourcesJob - Downloaded sources for org.springframework:spring-aop:5.0.5.RELEASE
2020-10-21 00:04:16,398 [Worker-50] INFO  o.e.m.c.i.e.AbstractTransferListenerAdapter - Downloading https://repo.maven.apache.org/maven2/org/springframework/spring-expression/5.0.5.RELEASE/spring-expression-5.0.5.RELEASE-sources.jar
2020-10-21 00:04:17,298 [Worker-50] INFO  o.e.m.c.i.e.AbstractTransferListenerAdapter - Downloaded https://repo.maven.apache.org/maven2/org/springframework/spring-expression/5.0.5.RELEASE/spring-expression-5.0.5.RELEASE-sources.jar
2020-10-21 00:04:17,801 [Worker-50] INFO  o.e.m.j.internal.DownloadSourcesJob - Downloaded sources for org.springframework:spring-expression:5.0.5.RELEASE
2020-10-21 00:04:17,955 [Worker-50] INFO  o.e.m.c.i.e.AbstractTransferListenerAdapter - Downloaded https://repo.maven.apache.org/maven2/me/sargunvohra/lib/pokekotlin/2.3.1/pokekotlin-2.3.1-sources.jar
2020-10-21 00:04:17,971 [Worker-50] ERROR o.e.m.j.internal.DownloadSourcesJob - Could not download sources for me.sargunvohra.lib:pokekotlin:2.3.1
org.eclipse.core.runtime.CoreException: Could not resolve artifact me.sargunvohra.lib:pokekotlin:jar:sources:2.3.1
	at org.eclipse.m2e.core.internal.embedder.MavenImpl$5.call(MavenImpl.java:776) ~[org.eclipse.m2e.core_1.8.2.20171007-0217.jar:na]
	at org.eclipse.m2e.core.internal.embedder.MavenImpl$5.call(MavenImpl.java:1) ~[org.eclipse.m2e.core_1.8.2.20171007-0217.jar:na]
	at org.eclipse.m2e.core.internal.embedder.MavenExecutionContext.executeBare(MavenExecutionContext.java:177) [org.eclipse.m2e.core_1.8.2.20171007-0217.jar:na]
	at org.eclipse.m2e.core.internal.embedder.MavenExecutionContext.execute(MavenExecutionContext.java:112) [org.eclipse.m2e.core_1.8.2.20171007-0217.jar:na]
	at org.eclipse.m2e.core.internal.embedder.MavenExecutionContext.execute(MavenExecutionContext.java:99) [org.eclipse.m2e.core_1.8.2.20171007-0217.jar:na]
	at org.eclipse.m2e.core.internal.embedder.MavenImpl.resolve(MavenImpl.java:743) [org.eclipse.m2e.core_1.8.2.20171007-0217.jar:na]
	at org.eclipse.m2e.core.internal.embedder.MavenImpl.resolve(MavenImpl.java:720) [org.eclipse.m2e.core_1.8.2.20171007-0217.jar:na]
	at org.eclipse.m2e.jdt.internal.DownloadSourcesJob.download(DownloadSourcesJob.java:264) [org.eclipse.m2e.jdt_1.8.2.20171007-0217.jar:na]
	at org.eclipse.m2e.jdt.internal.DownloadSourcesJob.downloadAttachments(DownloadSourcesJob.java:243) [org.eclipse.m2e.jdt_1.8.2.20171007-0217.jar:na]
	at org.eclipse.m2e.jdt.internal.DownloadSourcesJob.downloadMaven(DownloadSourcesJob.java:217) [org.eclipse.m2e.jdt_1.8.2.20171007-0217.jar:na]
	at org.eclipse.m2e.jdt.internal.DownloadSourcesJob.run(DownloadSourcesJob.java:161) [org.eclipse.m2e.jdt_1.8.2.20171007-0217.jar:na]
	at org.eclipse.m2e.jdt.internal.DownloadSourcesJob$1.call(DownloadSourcesJob.java:137) [org.eclipse.m2e.jdt_1.8.2.20171007-0217.jar:na]
	at org.eclipse.m2e.jdt.internal.DownloadSourcesJob$1.call(DownloadSourcesJob.java:1) [org.eclipse.m2e.jdt_1.8.2.20171007-0217.jar:na]
	at org.eclipse.m2e.core.internal.embedder.MavenExecutionContext.executeBare(MavenExecutionContext.java:177) [org.eclipse.m2e.core_1.8.2.20171007-0217.jar:na]
	at org.eclipse.m2e.core.internal.embedder.MavenExecutionContext.execute(MavenExecutionContext.java:151) [org.eclipse.m2e.core_1.8.2.20171007-0217.jar:na]
	at org.eclipse.m2e.core.internal.embedder.MavenExecutionContext.execute(MavenExecutionContext.java:99) [org.eclipse.m2e.core_1.8.2.20171007-0217.jar:na]
	at org.eclipse.m2e.core.internal.embedder.MavenImpl.execute(MavenImpl.java:1355) [org.eclipse.m2e.core_1.8.2.20171007-0217.jar:na]
	at org.eclipse.m2e.jdt.internal.DownloadSourcesJob.run(DownloadSourcesJob.java:135) [org.eclipse.m2e.jdt_1.8.2.20171007-0217.jar:na]
	at org.eclipse.core.internal.jobs.Worker.run(Worker.java:56) [org.eclipse.core.jobs_3.9.2.v20171030-1027.jar:na]
2020-10-21 00:04:18,912 [Worker-46] INFO  o.e.m.c.i.embedder.EclipseLogger - Using 'UTF-8' encoding to copy filtered resources.
2020-10-21 00:04:18,913 [Worker-46] INFO  o.e.m.c.i.embedder.EclipseLogger - skip non existing resourceDirectory C:\Users\David\Desktop\POKEMON\pokemon-back\pokemon-back\src\main\resources
2020-10-21 00:04:18,914 [Worker-46] INFO  o.e.m.c.i.embedder.EclipseLogger - skip non existing resourceDirectory C:\Users\David\Desktop\POKEMON\pokemon-back\pokemon-back\src\main\resources
2020-10-21 00:04:18,921 [Worker-46] INFO  o.e.m.c.i.embedder.EclipseLogger - Using 'UTF-8' encoding to copy filtered resources.
2020-10-21 00:04:18,923 [Worker-46] INFO  o.e.m.c.i.embedder.EclipseLogger - skip non existing resourceDirectory C:\Users\David\Desktop\POKEMON\pokemon-back\pokemon-back\src\test\resources
2020-10-21 00:07:00,329 [main] INFO  o.e.m2e.actions.ExecutePomAction - Creating new launch configuration
2020-10-21 00:07:30,605 [Worker-51] INFO  o.e.m.i.launch.MavenLaunchDelegate - C:\Users\David\Desktop\POKEMON\pokemon-back\pokemon-back
2020-10-21 00:07:30,606 [Worker-51] INFO  o.e.m.i.launch.MavenLaunchDelegate -  mvn -B install
2020-10-21 00:14:31,367 [Worker-56] INFO  o.e.m.c.i.l.LifecycleMappingFactory - Using org.eclipse.m2e.jdt.JarLifecycleMapping lifecycle mapping for MavenProject: com.avatar:pokemon-back:0.0.1-SNAPSHOT @ C:\Users\David\Desktop\POKEMON\pokemon-back\pokemon-back\pom.xml.
2020-10-21 00:14:33,088 [Worker-56] INFO  o.e.m.c.i.e.AbstractTransferListenerAdapter - Downloaded https://repo.maven.apache.org/maven2/me/sargunvohra/lib/pokekotlin/2.3.0/pokekotlin-2.3.0.pom
2020-10-21 00:14:33,100 [Worker-56] WARN  o.e.m.c.i.embedder.EclipseLogger - The POM for me.sargunvohra.lib:pokekotlin:pom:2.3.0 is missing, no dependency information available
2020-10-21 00:14:34,448 [Worker-56] INFO  o.e.m.c.i.embedder.EclipseLogger - Using 'UTF-8' encoding to copy filtered resources.
2020-10-21 00:14:34,450 [Worker-56] INFO  o.e.m.c.i.embedder.EclipseLogger - skip non existing resourceDirectory C:\Users\David\Desktop\POKEMON\pokemon-back\pokemon-back\src\main\resources
2020-10-21 00:14:34,452 [Worker-56] INFO  o.e.m.c.i.embedder.EclipseLogger - skip non existing resourceDirectory C:\Users\David\Desktop\POKEMON\pokemon-back\pokemon-back\src\main\resources
2020-10-21 00:14:34,462 [Worker-56] INFO  o.e.m.c.i.embedder.EclipseLogger - Using 'UTF-8' encoding to copy filtered resources.
2020-10-21 00:14:34,463 [Worker-56] INFO  o.e.m.c.i.embedder.EclipseLogger - skip non existing resourceDirectory C:\Users\David\Desktop\POKEMON\pokemon-back\pokemon-back\src\test\resources
2020-10-21 00:14:35,130 [Worker-54] WARN  o.e.m.c.i.embedder.EclipseLogger - The POM for me.sargunvohra.lib:pokekotlin:pom:2.3.0 is missing, no dependency information available
2020-10-21 00:14:36,173 [Worker-54] WARN  o.e.m.c.i.embedder.EclipseLogger - The POM for me.sargunvohra.lib:pokekotlin:pom:2.3.0 is missing, no dependency information available
2020-10-21 00:14:38,116 [Worker-54] INFO  o.e.m.c.i.embedder.EclipseLogger - Using 'UTF-8' encoding to copy filtered resources.
2020-10-21 00:14:38,118 [Worker-54] INFO  o.e.m.c.i.embedder.EclipseLogger - skip non existing resourceDirectory C:\Users\David\Desktop\POKEMON\pokemon-back\pokemon-back\src\main\resources
2020-10-21 00:14:38,119 [Worker-54] INFO  o.e.m.c.i.embedder.EclipseLogger - skip non existing resourceDirectory C:\Users\David\Desktop\POKEMON\pokemon-back\pokemon-back\src\main\resources
2020-10-21 00:14:38,125 [Worker-54] INFO  o.e.m.c.i.embedder.EclipseLogger - Using 'UTF-8' encoding to copy filtered resources.
2020-10-21 00:14:38,126 [Worker-54] INFO  o.e.m.c.i.embedder.EclipseLogger - skip non existing resourceDirectory C:\Users\David\Desktop\POKEMON\pokemon-back\pokemon-back\src\test\resources
2020-10-21 00:24:02,275 [Worker-56] INFO  o.e.m.c.i.l.LifecycleMappingFactory - Using org.eclipse.m2e.jdt.JarLifecycleMapping lifecycle mapping for MavenProject: com.avatar:pokemon-back:0.0.1-SNAPSHOT @ C:\Users\David\Desktop\POKEMON\pokemon-back\pokemon-back\pom.xml.
2020-10-21 00:24:04,494 [Worker-56] INFO  o.e.m.c.i.embedder.EclipseLogger - Using 'UTF-8' encoding to copy filtered resources.
2020-10-21 00:24:04,495 [Worker-56] INFO  o.e.m.c.i.embedder.EclipseLogger - skip non existing resourceDirectory C:\Users\David\Desktop\POKEMON\pokemon-back\pokemon-back\src\main\resources
2020-10-21 00:24:04,496 [Worker-56] INFO  o.e.m.c.i.embedder.EclipseLogger - skip non existing resourceDirectory C:\Users\David\Desktop\POKEMON\pokemon-back\pokemon-back\src\main\resources
2020-10-21 00:24:04,511 [Worker-56] INFO  o.e.m.c.i.embedder.EclipseLogger - Using 'UTF-8' encoding to copy filtered resources.
2020-10-21 00:24:04,512 [Worker-56] INFO  o.e.m.c.i.embedder.EclipseLogger - skip non existing resourceDirectory C:\Users\David\Desktop\POKEMON\pokemon-back\pokemon-back\src\test\resources
2020-10-21 00:27:26,243 [Worker-62] INFO  o.e.m.c.i.l.LifecycleMappingFactory - Using org.eclipse.m2e.jdt.JarLifecycleMapping lifecycle mapping for MavenProject: com.avatar:pokemon-back:0.0.1-SNAPSHOT @ C:\Users\David\Desktop\POKEMON\pokemon-back\pokemon-back\pom.xml.
2020-10-21 00:27:28,116 [Worker-62] INFO  o.e.m.c.i.embedder.EclipseLogger - Using 'UTF-8' encoding to copy filtered resources.
2020-10-21 00:27:28,118 [Worker-62] INFO  o.e.m.c.i.embedder.EclipseLogger - skip non existing resourceDirectory C:\Users\David\Desktop\POKEMON\pokemon-back\pokemon-back\src\main\resources
2020-10-21 00:27:28,120 [Worker-62] INFO  o.e.m.c.i.embedder.EclipseLogger - skip non existing resourceDirectory C:\Users\David\Desktop\POKEMON\pokemon-back\pokemon-back\src\main\resources
2020-10-21 00:27:28,128 [Worker-62] INFO  o.e.m.c.i.embedder.EclipseLogger - Using 'UTF-8' encoding to copy filtered resources.
2020-10-21 00:27:28,130 [Worker-62] INFO  o.e.m.c.i.embedder.EclipseLogger - skip non existing resourceDirectory C:\Users\David\Desktop\POKEMON\pokemon-back\pokemon-back\src\test\resources
2020-10-21 00:28:08,698 [Worker-61] INFO  o.e.m.c.i.p.ProjectConfigurationManager - Update started
2020-10-21 00:28:11,379 [Worker-61] INFO  o.e.m.c.i.l.LifecycleMappingFactory - Using org.eclipse.m2e.jdt.JarLifecycleMapping lifecycle mapping for MavenProject: com.avatar:pokemon-back:0.0.1-SNAPSHOT @ C:\Users\David\Desktop\POKEMON\pokemon-back\pokemon-back\pom.xml.
2020-10-21 00:28:13,330 [Worker-61] INFO  o.e.m.j.i.AbstractJavaProjectConfigurator - Adding source folder /pokemon-back/src/main/java
2020-10-21 00:28:13,336 [Worker-61] INFO  o.e.m.j.i.AbstractJavaProjectConfigurator - Adding source folder /pokemon-back/src/test/java
2020-10-21 00:28:15,976 [Worker-61] INFO  o.e.m.c.i.p.ProjectConfigurationManager - Update completed: 7 sec
2020-10-21 00:28:16,540 [Worker-62] INFO  o.e.m.c.i.embedder.EclipseLogger - Using 'UTF-8' encoding to copy filtered resources.
2020-10-21 00:28:16,542 [Worker-62] INFO  o.e.m.c.i.embedder.EclipseLogger - skip non existing resourceDirectory C:\Users\David\Desktop\POKEMON\pokemon-back\pokemon-back\src\main\resources
2020-10-21 00:28:16,543 [Worker-62] INFO  o.e.m.c.i.embedder.EclipseLogger - skip non existing resourceDirectory C:\Users\David\Desktop\POKEMON\pokemon-back\pokemon-back\src\main\resources
2020-10-21 00:28:16,555 [Worker-62] INFO  o.e.m.c.i.embedder.EclipseLogger - Using 'UTF-8' encoding to copy filtered resources.
2020-10-21 00:28:16,557 [Worker-62] INFO  o.e.m.c.i.embedder.EclipseLogger - skip non existing resourceDirectory C:\Users\David\Desktop\POKEMON\pokemon-back\pokemon-back\src\test\resources
2020-10-21 00:33:16,458 [Worker-61] INFO  o.e.m.c.i.embedder.EclipseLogger - Using 'UTF-8' encoding to copy filtered resources.
2020-10-21 00:33:16,460 [Worker-61] INFO  o.e.m.c.i.embedder.EclipseLogger - skip non existing resourceDirectory C:\Users\David\Desktop\POKEMON\pokemon-back\pokemon-back\src\main\resources
2020-10-21 00:33:16,461 [Worker-61] INFO  o.e.m.c.i.embedder.EclipseLogger - skip non existing resourceDirectory C:\Users\David\Desktop\POKEMON\pokemon-back\pokemon-back\src\main\resources
2020-10-21 00:33:16,469 [Worker-61] INFO  o.e.m.c.i.embedder.EclipseLogger - Using 'UTF-8' encoding to copy filtered resources.
2020-10-21 00:33:16,470 [Worker-61] INFO  o.e.m.c.i.embedder.EclipseLogger - skip non existing resourceDirectory C:\Users\David\Desktop\POKEMON\pokemon-back\pokemon-back\src\test\resources
2020-10-21 00:33:32,724 [Worker-67] INFO  o.e.m.i.launch.MavenLaunchDelegate - C:\Users\David\Desktop\POKEMON\pokemon-back\pokemon-back
2020-10-21 00:33:32,725 [Worker-67] INFO  o.e.m.i.launch.MavenLaunchDelegate -  mvn -B test
2020-10-21 00:34:04,482 [Worker-61] INFO  o.e.m.c.i.embedder.EclipseLogger - Using 'UTF-8' encoding to copy filtered resources.
2020-10-21 00:34:04,484 [Worker-61] INFO  o.e.m.c.i.embedder.EclipseLogger - skip non existing resourceDirectory C:\Users\David\Desktop\POKEMON\pokemon-back\pokemon-back\src\main\resources
2020-10-21 00:34:04,486 [Worker-61] INFO  o.e.m.c.i.embedder.EclipseLogger - skip non existing resourceDirectory C:\Users\David\Desktop\POKEMON\pokemon-back\pokemon-back\src\main\resources
2020-10-21 00:34:04,493 [Worker-61] INFO  o.e.m.c.i.embedder.EclipseLogger - Using 'UTF-8' encoding to copy filtered resources.
2020-10-21 00:34:04,495 [Worker-61] INFO  o.e.m.c.i.embedder.EclipseLogger - skip non existing resourceDirectory C:\Users\David\Desktop\POKEMON\pokemon-back\pokemon-back\src\test\resources
2020-10-21 00:39:24,174 [Worker-69] INFO  o.e.m.c.i.l.LifecycleMappingFactory - Using org.eclipse.m2e.jdt.JarLifecycleMapping lifecycle mapping for MavenProject: com.avatar:pokemon-back:0.0.1-SNAPSHOT @ C:\Users\David\Desktop\POKEMON\pokemon-back\pokemon-back\pom.xml.
2020-10-21 00:39:26,273 [Worker-69] INFO  o.e.m.c.i.e.AbstractTransferListenerAdapter - Downloading https://dl.bintray.com/sargunv/maven/me/sargunvohra/lib/pokekotlin/2.3.1/pokekotlin-2.3.1.pom
2020-10-21 00:39:26,456 [Worker-69] INFO  o.e.m.c.i.e.AbstractTransferListenerAdapter - Downloaded https://dl.bintray.com/sargunv/maven/me/sargunvohra/lib/pokekotlin/2.3.1/pokekotlin-2.3.1.pom
2020-10-21 00:39:26,662 [Worker-69] INFO  o.e.m.c.i.e.AbstractTransferListenerAdapter - Downloaded https://dl.bintray.com/sargunv/maven/com/squareup/retrofit2/retrofit/2.8.1/retrofit-2.8.1.pom
2020-10-21 00:39:27,259 [Worker-69] INFO  o.e.m.c.i.e.AbstractTransferListenerAdapter - Downloading https://repo.maven.apache.org/maven2/com/squareup/retrofit2/retrofit/2.8.1/retrofit-2.8.1.pom
2020-10-21 00:39:27,442 [Worker-69] INFO  o.e.m.c.i.e.AbstractTransferListenerAdapter - Downloaded https://repo.maven.apache.org/maven2/com/squareup/retrofit2/retrofit/2.8.1/retrofit-2.8.1.pom
2020-10-21 00:39:28,329 [Worker-69] INFO  o.e.m.c.i.e.AbstractTransferListenerAdapter - Downloaded https://dl.bintray.com/sargunv/maven/com/squareup/retrofit2/parent/2.8.1/parent-2.8.1.pom
2020-10-21 00:39:28,416 [Worker-69] INFO  o.e.m.c.i.e.AbstractTransferListenerAdapter - Downloading https://repo.maven.apache.org/maven2/com/squareup/retrofit2/parent/2.8.1/parent-2.8.1.pom
2020-10-21 00:39:28,510 [Worker-69] INFO  o.e.m.c.i.e.AbstractTransferListenerAdapter - Downloaded https://repo.maven.apache.org/maven2/com/squareup/retrofit2/parent/2.8.1/parent-2.8.1.pom
2020-10-21 00:39:29,440 [Worker-69] INFO  o.e.m.c.i.e.AbstractTransferListenerAdapter - Downloaded https://dl.bintray.com/sargunv/maven/com/squareup/okhttp3/okhttp/3.14.7/okhttp-3.14.7.pom
2020-10-21 00:39:29,530 [Worker-69] INFO  o.e.m.c.i.e.AbstractTransferListenerAdapter - Downloading https://repo.maven.apache.org/maven2/com/squareup/okhttp3/okhttp/3.14.7/okhttp-3.14.7.pom
2020-10-21 00:39:29,643 [Worker-69] INFO  o.e.m.c.i.e.AbstractTransferListenerAdapter - Downloaded https://repo.maven.apache.org/maven2/com/squareup/okhttp3/okhttp/3.14.7/okhttp-3.14.7.pom
2020-10-21 00:39:30,522 [Worker-69] INFO  o.e.m.c.i.e.AbstractTransferListenerAdapter - Downloaded https://dl.bintray.com/sargunv/maven/com/squareup/okhttp3/parent/3.14.7/parent-3.14.7.pom
2020-10-21 00:39:30,612 [Worker-69] INFO  o.e.m.c.i.e.AbstractTransferListenerAdapter - Downloading https://repo.maven.apache.org/maven2/com/squareup/okhttp3/parent/3.14.7/parent-3.14.7.pom
2020-10-21 00:39:30,845 [Worker-69] INFO  o.e.m.c.i.e.AbstractTransferListenerAdapter - Downloaded https://repo.maven.apache.org/maven2/com/squareup/okhttp3/parent/3.14.7/parent-3.14.7.pom
2020-10-21 00:39:31,735 [Worker-69] INFO  o.e.m.c.i.e.AbstractTransferListenerAdapter - Downloaded https://dl.bintray.com/sargunv/maven/com/squareup/okio/okio/1.17.2/okio-1.17.2.pom
2020-10-21 00:39:31,826 [Worker-69] INFO  o.e.m.c.i.e.AbstractTransferListenerAdapter - Downloading https://repo.maven.apache.org/maven2/com/squareup/okio/okio/1.17.2/okio-1.17.2.pom
2020-10-21 00:39:31,923 [Worker-69] INFO  o.e.m.c.i.e.AbstractTransferListenerAdapter - Downloaded https://repo.maven.apache.org/maven2/com/squareup/okio/okio/1.17.2/okio-1.17.2.pom
2020-10-21 00:39:33,019 [Worker-69] INFO  o.e.m.c.i.e.AbstractTransferListenerAdapter - Downloaded https://dl.bintray.com/sargunv/maven/com/squareup/okio/okio-parent/1.17.2/okio-parent-1.17.2.pom
2020-10-21 00:39:33,109 [Worker-69] INFO  o.e.m.c.i.e.AbstractTransferListenerAdapter - Downloading https://repo.maven.apache.org/maven2/com/squareup/okio/okio-parent/1.17.2/okio-parent-1.17.2.pom
2020-10-21 00:39:33,202 [Worker-69] INFO  o.e.m.c.i.e.AbstractTransferListenerAdapter - Downloaded https://repo.maven.apache.org/maven2/com/squareup/okio/okio-parent/1.17.2/okio-parent-1.17.2.pom
2020-10-21 00:39:34,100 [Worker-69] INFO  o.e.m.c.i.e.AbstractTransferListenerAdapter - Downloaded https://dl.bintray.com/sargunv/maven/com/squareup/retrofit2/converter-gson/2.8.1/converter-gson-2.8.1.pom
2020-10-21 00:39:34,185 [Worker-69] INFO  o.e.m.c.i.e.AbstractTransferListenerAdapter - Downloading https://repo.maven.apache.org/maven2/com/squareup/retrofit2/converter-gson/2.8.1/converter-gson-2.8.1.pom
2020-10-21 00:39:34,613 [Worker-69] INFO  o.e.m.c.i.e.AbstractTransferListenerAdapter - Downloaded https://repo.maven.apache.org/maven2/com/squareup/retrofit2/converter-gson/2.8.1/converter-gson-2.8.1.pom
2020-10-21 00:39:35,507 [Worker-69] INFO  o.e.m.c.i.e.AbstractTransferListenerAdapter - Downloaded https://dl.bintray.com/sargunv/maven/com/squareup/retrofit2/retrofit-converters/2.8.1/retrofit-converters-2.8.1.pom
2020-10-21 00:39:35,604 [Worker-69] INFO  o.e.m.c.i.e.AbstractTransferListenerAdapter - Downloading https://repo.maven.apache.org/maven2/com/squareup/retrofit2/retrofit-converters/2.8.1/retrofit-converters-2.8.1.pom
2020-10-21 00:39:35,697 [Worker-69] INFO  o.e.m.c.i.e.AbstractTransferListenerAdapter - Downloaded https://repo.maven.apache.org/maven2/com/squareup/retrofit2/retrofit-converters/2.8.1/retrofit-converters-2.8.1.pom
2020-10-21 00:39:36,605 [Worker-69] INFO  o.e.m.c.i.e.AbstractTransferListenerAdapter - Downloaded https://dl.bintray.com/sargunv/maven/com/google/code/gson/gson/2.8.2/gson-2.8.2.pom
2020-10-21 00:39:36,696 [Worker-69] INFO  o.e.m.c.i.e.AbstractTransferListenerAdapter - Downloading https://repo.maven.apache.org/maven2/com/google/code/gson/gson/2.8.2/gson-2.8.2.pom
2020-10-21 00:39:36,794 [Worker-69] INFO  o.e.m.c.i.e.AbstractTransferListenerAdapter - Downloaded https://repo.maven.apache.org/maven2/com/google/code/gson/gson/2.8.2/gson-2.8.2.pom
2020-10-21 00:39:37,670 [Worker-69] INFO  o.e.m.c.i.e.AbstractTransferListenerAdapter - Downloaded https://dl.bintray.com/sargunv/maven/com/google/code/gson/gson-parent/2.8.2/gson-parent-2.8.2.pom
2020-10-21 00:39:37,757 [Worker-69] INFO  o.e.m.c.i.e.AbstractTransferListenerAdapter - Downloading https://repo.maven.apache.org/maven2/com/google/code/gson/gson-parent/2.8.2/gson-parent-2.8.2.pom
2020-10-21 00:39:37,858 [Worker-69] INFO  o.e.m.c.i.e.AbstractTransferListenerAdapter - Downloaded https://repo.maven.apache.org/maven2/com/google/code/gson/gson-parent/2.8.2/gson-parent-2.8.2.pom
2020-10-21 00:39:38,778 [Worker-69] INFO  o.e.m.c.i.e.AbstractTransferListenerAdapter - Downloaded https://dl.bintray.com/sargunv/maven/com/squareup/retrofit2/adapter-rxjava/2.8.1/adapter-rxjava-2.8.1.pom
2020-10-21 00:39:38,921 [Worker-69] INFO  o.e.m.c.i.e.AbstractTransferListenerAdapter - Downloading https://repo.maven.apache.org/maven2/com/squareup/retrofit2/adapter-rxjava/2.8.1/adapter-rxjava-2.8.1.pom
2020-10-21 00:39:39,045 [Worker-69] INFO  o.e.m.c.i.e.AbstractTransferListenerAdapter - Downloaded https://repo.maven.apache.org/maven2/com/squareup/retrofit2/adapter-rxjava/2.8.1/adapter-rxjava-2.8.1.pom
2020-10-21 00:39:39,948 [Worker-69] INFO  o.e.m.c.i.e.AbstractTransferListenerAdapter - Downloaded https://dl.bintray.com/sargunv/maven/com/squareup/retrofit2/retrofit-adapters/2.8.1/retrofit-adapters-2.8.1.pom
2020-10-21 00:39:40,060 [Worker-69] INFO  o.e.m.c.i.e.AbstractTransferListenerAdapter - Downloading https://repo.maven.apache.org/maven2/com/squareup/retrofit2/retrofit-adapters/2.8.1/retrofit-adapters-2.8.1.pom
2020-10-21 00:39:40,186 [Worker-69] INFO  o.e.m.c.i.e.AbstractTransferListenerAdapter - Downloaded https://repo.maven.apache.org/maven2/com/squareup/retrofit2/retrofit-adapters/2.8.1/retrofit-adapters-2.8.1.pom
2020-10-21 00:39:41,111 [Worker-69] INFO  o.e.m.c.i.e.AbstractTransferListenerAdapter - Downloaded https://dl.bintray.com/sargunv/maven/io/reactivex/rxjava/1.3.8/rxjava-1.3.8.pom
2020-10-21 00:39:41,222 [Worker-69] INFO  o.e.m.c.i.e.AbstractTransferListenerAdapter - Downloading https://repo.maven.apache.org/maven2/io/reactivex/rxjava/1.3.8/rxjava-1.3.8.pom
2020-10-21 00:39:41,324 [Worker-69] INFO  o.e.m.c.i.e.AbstractTransferListenerAdapter - Downloaded https://repo.maven.apache.org/maven2/io/reactivex/rxjava/1.3.8/rxjava-1.3.8.pom
2020-10-21 00:39:42,233 [Worker-69] INFO  o.e.m.c.i.e.AbstractTransferListenerAdapter - Downloaded https://dl.bintray.com/sargunv/maven/org/jetbrains/kotlin/kotlin-stdlib-jdk8/1.2.31/kotlin-stdlib-jdk8-1.2.31.pom
2020-10-21 00:39:42,326 [Worker-69] INFO  o.e.m.c.i.e.AbstractTransferListenerAdapter - Downloading https://repo.maven.apache.org/maven2/org/jetbrains/kotlin/kotlin-stdlib-jdk8/1.2.31/kotlin-stdlib-jdk8-1.2.31.pom
2020-10-21 00:39:42,425 [Worker-69] INFO  o.e.m.c.i.e.AbstractTransferListenerAdapter - Downloaded https://repo.maven.apache.org/maven2/org/jetbrains/kotlin/kotlin-stdlib-jdk8/1.2.31/kotlin-stdlib-jdk8-1.2.31.pom
2020-10-21 00:39:43,346 [Worker-69] INFO  o.e.m.c.i.e.AbstractTransferListenerAdapter - Downloaded https://dl.bintray.com/sargunv/maven/org/jetbrains/kotlin/kotlin-stdlib/1.2.31/kotlin-stdlib-1.2.31.pom
2020-10-21 00:39:43,432 [Worker-69] INFO  o.e.m.c.i.e.AbstractTransferListenerAdapter - Downloading https://repo.maven.apache.org/maven2/org/jetbrains/kotlin/kotlin-stdlib/1.2.31/kotlin-stdlib-1.2.31.pom
2020-10-21 00:39:43,526 [Worker-69] INFO  o.e.m.c.i.e.AbstractTransferListenerAdapter - Downloaded https://repo.maven.apache.org/maven2/org/jetbrains/kotlin/kotlin-stdlib/1.2.31/kotlin-stdlib-1.2.31.pom
2020-10-21 00:39:44,475 [Worker-69] INFO  o.e.m.c.i.e.AbstractTransferListenerAdapter - Downloaded https://dl.bintray.com/sargunv/maven/org/jetbrains/annotations/13.0/annotations-13.0.pom
2020-10-21 00:39:44,567 [Worker-69] INFO  o.e.m.c.i.e.AbstractTransferListenerAdapter - Downloading https://repo.maven.apache.org/maven2/org/jetbrains/annotations/13.0/annotations-13.0.pom
2020-10-21 00:39:44,663 [Worker-69] INFO  o.e.m.c.i.e.AbstractTransferListenerAdapter - Downloaded https://repo.maven.apache.org/maven2/org/jetbrains/annotations/13.0/annotations-13.0.pom
2020-10-21 00:39:45,595 [Worker-69] INFO  o.e.m.c.i.e.AbstractTransferListenerAdapter - Downloaded https://dl.bintray.com/sargunv/maven/org/jetbrains/kotlin/kotlin-stdlib-jdk7/1.2.31/kotlin-stdlib-jdk7-1.2.31.pom
2020-10-21 00:39:45,687 [Worker-69] INFO  o.e.m.c.i.e.AbstractTransferListenerAdapter - Downloading https://repo.maven.apache.org/maven2/org/jetbrains/kotlin/kotlin-stdlib-jdk7/1.2.31/kotlin-stdlib-jdk7-1.2.31.pom
2020-10-21 00:39:45,786 [Worker-69] INFO  o.e.m.c.i.e.AbstractTransferListenerAdapter - Downloaded https://repo.maven.apache.org/maven2/org/jetbrains/kotlin/kotlin-stdlib-jdk7/1.2.31/kotlin-stdlib-jdk7-1.2.31.pom
2020-10-21 00:39:46,932 [Worker-69] INFO  o.e.m.c.i.e.AbstractTransferListenerAdapter - Downloaded https://dl.bintray.com/sargunv/maven/com/squareup/retrofit2/retrofit/2.8.1/retrofit-2.8.1.jar
2020-10-21 00:39:47,802 [Worker-69] INFO  o.e.m.c.i.e.AbstractTransferListenerAdapter - Downloaded https://dl.bintray.com/sargunv/maven/com/squareup/okhttp3/okhttp/3.14.7/okhttp-3.14.7.jar
2020-10-21 00:39:48,691 [Worker-69] INFO  o.e.m.c.i.e.AbstractTransferListenerAdapter - Downloaded https://dl.bintray.com/sargunv/maven/com/squareup/okio/okio/1.17.2/okio-1.17.2.jar
2020-10-21 00:39:49,549 [Worker-69] INFO  o.e.m.c.i.e.AbstractTransferListenerAdapter - Downloaded https://dl.bintray.com/sargunv/maven/com/squareup/retrofit2/converter-gson/2.8.1/converter-gson-2.8.1.jar
2020-10-21 00:39:50,428 [Worker-69] INFO  o.e.m.c.i.e.AbstractTransferListenerAdapter - Downloaded https://dl.bintray.com/sargunv/maven/com/google/code/gson/gson/2.8.2/gson-2.8.2.jar
2020-10-21 00:39:51,308 [Worker-69] INFO  o.e.m.c.i.e.AbstractTransferListenerAdapter - Downloaded https://dl.bintray.com/sargunv/maven/com/squareup/retrofit2/adapter-rxjava/2.8.1/adapter-rxjava-2.8.1.jar
2020-10-21 00:39:52,185 [Worker-69] INFO  o.e.m.c.i.e.AbstractTransferListenerAdapter - Downloaded https://dl.bintray.com/sargunv/maven/io/reactivex/rxjava/1.3.8/rxjava-1.3.8.jar
2020-10-21 00:39:53,065 [Worker-69] INFO  o.e.m.c.i.e.AbstractTransferListenerAdapter - Downloaded https://dl.bintray.com/sargunv/maven/org/jetbrains/kotlin/kotlin-stdlib-jdk8/1.2.31/kotlin-stdlib-jdk8-1.2.31.jar
2020-10-21 00:39:53,932 [Worker-69] INFO  o.e.m.c.i.e.AbstractTransferListenerAdapter - Downloaded https://dl.bintray.com/sargunv/maven/org/jetbrains/kotlin/kotlin-stdlib/1.2.31/kotlin-stdlib-1.2.31.jar
2020-10-21 00:39:54,793 [Worker-69] INFO  o.e.m.c.i.e.AbstractTransferListenerAdapter - Downloaded https://dl.bintray.com/sargunv/maven/org/jetbrains/annotations/13.0/annotations-13.0.jar
2020-10-21 00:39:55,655 [Worker-69] INFO  o.e.m.c.i.e.AbstractTransferListenerAdapter - Downloaded https://dl.bintray.com/sargunv/maven/org/jetbrains/kotlin/kotlin-stdlib-jdk7/1.2.31/kotlin-stdlib-jdk7-1.2.31.jar
2020-10-21 00:39:55,802 [Worker-69] INFO  o.e.m.c.i.e.AbstractTransferListenerAdapter - Downloading https://repo.maven.apache.org/maven2/com/squareup/retrofit2/retrofit/2.8.1/retrofit-2.8.1.jar
2020-10-21 00:39:56,346 [Worker-69] INFO  o.e.m.c.i.e.AbstractTransferListenerAdapter - Downloaded https://repo.maven.apache.org/maven2/com/squareup/retrofit2/retrofit/2.8.1/retrofit-2.8.1.jar
2020-10-21 00:39:56,426 [Worker-69] INFO  o.e.m.c.i.e.AbstractTransferListenerAdapter - Downloading https://repo.maven.apache.org/maven2/com/squareup/okhttp3/okhttp/3.14.7/okhttp-3.14.7.jar
2020-10-21 00:39:58,088 [Worker-69] INFO  o.e.m.c.i.e.AbstractTransferListenerAdapter - Downloaded https://repo.maven.apache.org/maven2/com/squareup/okhttp3/okhttp/3.14.7/okhttp-3.14.7.jar
2020-10-21 00:39:58,171 [Worker-69] INFO  o.e.m.c.i.e.AbstractTransferListenerAdapter - Downloading https://repo.maven.apache.org/maven2/com/squareup/okio/okio/1.17.2/okio-1.17.2.jar
2020-10-21 00:39:58,504 [Worker-69] INFO  o.e.m.c.i.e.AbstractTransferListenerAdapter - Downloaded https://repo.maven.apache.org/maven2/com/squareup/okio/okio/1.17.2/okio-1.17.2.jar
2020-10-21 00:39:58,581 [Worker-69] INFO  o.e.m.c.i.e.AbstractTransferListenerAdapter - Downloading https://repo.maven.apache.org/maven2/com/squareup/retrofit2/converter-gson/2.8.1/converter-gson-2.8.1.jar
2020-10-21 00:39:58,703 [Worker-69] INFO  o.e.m.c.i.e.AbstractTransferListenerAdapter - Downloaded https://repo.maven.apache.org/maven2/com/squareup/retrofit2/converter-gson/2.8.1/converter-gson-2.8.1.jar
2020-10-21 00:39:58,778 [Worker-69] INFO  o.e.m.c.i.e.AbstractTransferListenerAdapter - Downloading https://repo.maven.apache.org/maven2/com/google/code/gson/gson/2.8.2/gson-2.8.2.jar
2020-10-21 00:39:59,418 [Worker-69] INFO  o.e.m.c.i.e.AbstractTransferListenerAdapter - Downloaded https://repo.maven.apache.org/maven2/com/google/code/gson/gson/2.8.2/gson-2.8.2.jar
2020-10-21 00:39:59,613 [Worker-69] INFO  o.e.m.c.i.e.AbstractTransferListenerAdapter - Downloading https://repo.maven.apache.org/maven2/com/squareup/retrofit2/adapter-rxjava/2.8.1/adapter-rxjava-2.8.1.jar
2020-10-21 00:39:59,760 [Worker-69] INFO  o.e.m.c.i.e.AbstractTransferListenerAdapter - Downloaded https://repo.maven.apache.org/maven2/com/squareup/retrofit2/adapter-rxjava/2.8.1/adapter-rxjava-2.8.1.jar
2020-10-21 00:39:59,841 [Worker-69] INFO  o.e.m.c.i.e.AbstractTransferListenerAdapter - Downloading https://repo.maven.apache.org/maven2/io/reactivex/rxjava/1.3.8/rxjava-1.3.8.jar
2020-10-21 00:40:02,897 [Worker-69] INFO  o.e.m.c.i.e.AbstractTransferListenerAdapter - Downloaded https://repo.maven.apache.org/maven2/io/reactivex/rxjava/1.3.8/rxjava-1.3.8.jar
2020-10-21 00:40:02,973 [Worker-69] INFO  o.e.m.c.i.e.AbstractTransferListenerAdapter - Downloading https://repo.maven.apache.org/maven2/org/jetbrains/kotlin/kotlin-stdlib-jdk8/1.2.31/kotlin-stdlib-jdk8-1.2.31.jar
2020-10-21 00:40:03,074 [Worker-69] INFO  o.e.m.c.i.e.AbstractTransferListenerAdapter - Downloaded https://repo.maven.apache.org/maven2/org/jetbrains/kotlin/kotlin-stdlib-jdk8/1.2.31/kotlin-stdlib-jdk8-1.2.31.jar
2020-10-21 00:40:03,152 [Worker-69] INFO  o.e.m.c.i.e.AbstractTransferListenerAdapter - Downloading https://repo.maven.apache.org/maven2/org/jetbrains/kotlin/kotlin-stdlib/1.2.31/kotlin-stdlib-1.2.31.jar
2020-10-21 00:40:06,817 [Worker-69] INFO  o.e.m.c.i.e.AbstractTransferListenerAdapter - Downloaded https://repo.maven.apache.org/maven2/org/jetbrains/kotlin/kotlin-stdlib/1.2.31/kotlin-stdlib-1.2.31.jar
2020-10-21 00:40:06,895 [Worker-69] INFO  o.e.m.c.i.e.AbstractTransferListenerAdapter - Downloading https://repo.maven.apache.org/maven2/org/jetbrains/annotations/13.0/annotations-13.0.jar
2020-10-21 00:40:07,035 [Worker-69] INFO  o.e.m.c.i.e.AbstractTransferListenerAdapter - Downloaded https://repo.maven.apache.org/maven2/org/jetbrains/annotations/13.0/annotations-13.0.jar
2020-10-21 00:40:07,112 [Worker-69] INFO  o.e.m.c.i.e.AbstractTransferListenerAdapter - Downloading https://repo.maven.apache.org/maven2/org/jetbrains/kotlin/kotlin-stdlib-jdk7/1.2.31/kotlin-stdlib-jdk7-1.2.31.jar
2020-10-21 00:40:07,206 [Worker-69] INFO  o.e.m.c.i.e.AbstractTransferListenerAdapter - Downloaded https://repo.maven.apache.org/maven2/org/jetbrains/kotlin/kotlin-stdlib-jdk7/1.2.31/kotlin-stdlib-jdk7-1.2.31.jar
2020-10-21 00:40:12,007 [Worker-69] INFO  o.e.m.c.i.embedder.EclipseLogger - Using 'UTF-8' encoding to copy filtered resources.
2020-10-21 00:40:12,008 [Worker-69] INFO  o.e.m.c.i.embedder.EclipseLogger - skip non existing resourceDirectory C:\Users\David\Desktop\POKEMON\pokemon-back\pokemon-back\src\main\resources
2020-10-21 00:40:12,009 [Worker-69] INFO  o.e.m.c.i.embedder.EclipseLogger - skip non existing resourceDirectory C:\Users\David\Desktop\POKEMON\pokemon-back\pokemon-back\src\main\resources
2020-10-21 00:40:12,019 [Worker-69] INFO  o.e.m.c.i.embedder.EclipseLogger - Using 'UTF-8' encoding to copy filtered resources.
2020-10-21 00:40:12,020 [Worker-69] INFO  o.e.m.c.i.embedder.EclipseLogger - skip non existing resourceDirectory C:\Users\David\Desktop\POKEMON\pokemon-back\pokemon-back\src\test\resources
2020-10-21 00:40:15,630 [Worker-67] INFO  o.e.m.c.i.embedder.EclipseLogger - Using 'UTF-8' encoding to copy filtered resources.
2020-10-21 00:40:15,631 [Worker-67] INFO  o.e.m.c.i.embedder.EclipseLogger - skip non existing resourceDirectory C:\Users\David\Desktop\POKEMON\pokemon-back\pokemon-back\src\main\resources
2020-10-21 00:40:15,633 [Worker-67] INFO  o.e.m.c.i.embedder.EclipseLogger - skip non existing resourceDirectory C:\Users\David\Desktop\POKEMON\pokemon-back\pokemon-back\src\main\resources
2020-10-21 00:40:15,655 [Worker-67] INFO  o.e.m.c.i.embedder.EclipseLogger - Using 'UTF-8' encoding to copy filtered resources.
2020-10-21 00:40:15,656 [Worker-67] INFO  o.e.m.c.i.embedder.EclipseLogger - skip non existing resourceDirectory C:\Users\David\Desktop\POKEMON\pokemon-back\pokemon-back\src\test\resources
2020-10-21 00:40:31,288 [Worker-73] INFO  o.e.m.i.launch.MavenLaunchDelegate - C:\Users\David\Desktop\POKEMON\pokemon-back\pokemon-back
2020-10-21 00:40:31,290 [Worker-73] INFO  o.e.m.i.launch.MavenLaunchDelegate -  mvn -B test
2020-10-21 00:43:16,257 [Worker-73] INFO  o.e.m.c.i.e.AbstractTransferListenerAdapter - Downloading https://dl.bintray.com/sargunv/maven/me/sargunvohra/lib/pokekotlin/2.3.1/pokekotlin-2.3.1-sources.jar
2020-10-21 00:43:16,606 [Worker-73] INFO  o.e.m.c.i.e.AbstractTransferListenerAdapter - Downloaded https://dl.bintray.com/sargunv/maven/me/sargunvohra/lib/pokekotlin/2.3.1/pokekotlin-2.3.1-sources.jar
2020-10-21 00:43:17,068 [Worker-73] INFO  o.e.m.j.internal.DownloadSourcesJob - Downloaded sources for me.sargunvohra.lib:pokekotlin:2.3.1
2020-10-21 00:43:18,120 [Worker-74] INFO  o.e.m.c.i.embedder.EclipseLogger - Using 'UTF-8' encoding to copy filtered resources.
2020-10-21 00:43:18,121 [Worker-74] INFO  o.e.m.c.i.embedder.EclipseLogger - skip non existing resourceDirectory C:\Users\David\Desktop\POKEMON\pokemon-back\pokemon-back\src\main\resources
2020-10-21 00:43:18,122 [Worker-74] INFO  o.e.m.c.i.embedder.EclipseLogger - skip non existing resourceDirectory C:\Users\David\Desktop\POKEMON\pokemon-back\pokemon-back\src\main\resources
2020-10-21 00:43:18,129 [Worker-74] INFO  o.e.m.c.i.embedder.EclipseLogger - Using 'UTF-8' encoding to copy filtered resources.
2020-10-21 00:43:18,129 [Worker-74] INFO  o.e.m.c.i.embedder.EclipseLogger - skip non existing resourceDirectory C:\Users\David\Desktop\POKEMON\pokemon-back\pokemon-back\src\test\resources
2020-10-21 00:52:09,540 [Worker-80] INFO  o.e.m.c.i.embedder.EclipseLogger - Using 'UTF-8' encoding to copy filtered resources.
2020-10-21 00:52:09,541 [Worker-80] INFO  o.e.m.c.i.embedder.EclipseLogger - skip non existing resourceDirectory C:\Users\David\Desktop\POKEMON\pokemon-back\pokemon-back\src\main\resources
2020-10-21 00:52:09,543 [Worker-80] INFO  o.e.m.c.i.embedder.EclipseLogger - skip non existing resourceDirectory C:\Users\David\Desktop\POKEMON\pokemon-back\pokemon-back\src\main\resources
2020-10-21 00:52:09,551 [Worker-80] INFO  o.e.m.c.i.embedder.EclipseLogger - Using 'UTF-8' encoding to copy filtered resources.
2020-10-21 00:52:09,553 [Worker-80] INFO  o.e.m.c.i.embedder.EclipseLogger - skip non existing resourceDirectory C:\Users\David\Desktop\POKEMON\pokemon-back\pokemon-back\src\test\resources
2020-10-21 00:54:57,959 [Worker-84] INFO  o.e.m.c.i.embedder.EclipseLogger - Using 'UTF-8' encoding to copy filtered resources.
2020-10-21 00:54:57,961 [Worker-84] INFO  o.e.m.c.i.embedder.EclipseLogger - skip non existing resourceDirectory C:\Users\David\Desktop\POKEMON\pokemon-back\pokemon-back\src\main\resources
2020-10-21 00:54:57,963 [Worker-84] INFO  o.e.m.c.i.embedder.EclipseLogger - skip non existing resourceDirectory C:\Users\David\Desktop\POKEMON\pokemon-back\pokemon-back\src\main\resources
2020-10-21 00:54:57,974 [Worker-84] INFO  o.e.m.c.i.embedder.EclipseLogger - Using 'UTF-8' encoding to copy filtered resources.
2020-10-21 00:54:57,975 [Worker-84] INFO  o.e.m.c.i.embedder.EclipseLogger - skip non existing resourceDirectory C:\Users\David\Desktop\POKEMON\pokemon-back\pokemon-back\src\test\resources
2020-10-21 00:59:17,015 [Worker-84] INFO  o.e.m.c.i.l.LifecycleMappingFactory - Using org.eclipse.m2e.jdt.JarLifecycleMapping lifecycle mapping for MavenProject: com.avatar:pokemon-back:0.0.1-SNAPSHOT @ C:\Users\David\Desktop\POKEMON\pokemon-back\pokemon-back\pom.xml.
2020-10-21 00:59:19,485 [Worker-84] INFO  o.e.m.c.i.e.AbstractTransferListenerAdapter - Downloaded https://dl.bintray.com/sargunv/maven/org/json/json/20180130/json-20180130.pom
2020-10-21 00:59:20,973 [Worker-84] INFO  o.e.m.c.i.e.AbstractTransferListenerAdapter - Downloaded https://dl.bintray.com/sargunv/maven/org/json/json/20180130/json-20180130.jar
2020-10-21 00:59:23,084 [Worker-84] INFO  o.e.m.c.i.embedder.EclipseLogger - Using 'UTF-8' encoding to copy filtered resources.
2020-10-21 00:59:23,086 [Worker-84] INFO  o.e.m.c.i.embedder.EclipseLogger - skip non existing resourceDirectory C:\Users\David\Desktop\POKEMON\pokemon-back\pokemon-back\src\main\resources
2020-10-21 00:59:23,086 [Worker-84] INFO  o.e.m.c.i.embedder.EclipseLogger - skip non existing resourceDirectory C:\Users\David\Desktop\POKEMON\pokemon-back\pokemon-back\src\main\resources
2020-10-21 00:59:23,095 [Worker-84] INFO  o.e.m.c.i.embedder.EclipseLogger - Using 'UTF-8' encoding to copy filtered resources.
2020-10-21 00:59:23,096 [Worker-84] INFO  o.e.m.c.i.embedder.EclipseLogger - skip non existing resourceDirectory C:\Users\David\Desktop\POKEMON\pokemon-back\pokemon-back\src\test\resources
2020-10-21 00:59:30,271 [Worker-83] INFO  o.e.m.c.i.embedder.EclipseLogger - Using 'UTF-8' encoding to copy filtered resources.
2020-10-21 00:59:30,272 [Worker-83] INFO  o.e.m.c.i.embedder.EclipseLogger - skip non existing resourceDirectory C:\Users\David\Desktop\POKEMON\pokemon-back\pokemon-back\src\main\resources
2020-10-21 00:59:30,273 [Worker-83] INFO  o.e.m.c.i.embedder.EclipseLogger - skip non existing resourceDirectory C:\Users\David\Desktop\POKEMON\pokemon-back\pokemon-back\src\main\resources
2020-10-21 00:59:30,280 [Worker-83] INFO  o.e.m.c.i.embedder.EclipseLogger - Using 'UTF-8' encoding to copy filtered resources.
2020-10-21 00:59:30,284 [Worker-83] INFO  o.e.m.c.i.embedder.EclipseLogger - skip non existing resourceDirectory C:\Users\David\Desktop\POKEMON\pokemon-back\pokemon-back\src\test\resources
2020-10-21 00:59:31,015 [Worker-86] INFO  o.e.m.i.launch.MavenLaunchDelegate - C:\Users\David\Desktop\POKEMON\pokemon-back\pokemon-back
2020-10-21 00:59:31,016 [Worker-86] INFO  o.e.m.i.launch.MavenLaunchDelegate -  mvn -B test
2020-10-21 00:59:51,204 [Worker-85] INFO  o.e.m.c.i.embedder.EclipseLogger - Using 'UTF-8' encoding to copy filtered resources.
2020-10-21 00:59:51,205 [Worker-85] INFO  o.e.m.c.i.embedder.EclipseLogger - skip non existing resourceDirectory C:\Users\David\Desktop\POKEMON\pokemon-back\pokemon-back\src\main\resources
2020-10-21 00:59:51,206 [Worker-85] INFO  o.e.m.c.i.embedder.EclipseLogger - skip non existing resourceDirectory C:\Users\David\Desktop\POKEMON\pokemon-back\pokemon-back\src\main\resources
2020-10-21 00:59:51,214 [Worker-85] INFO  o.e.m.c.i.embedder.EclipseLogger - Using 'UTF-8' encoding to copy filtered resources.
2020-10-21 00:59:51,215 [Worker-85] INFO  o.e.m.c.i.embedder.EclipseLogger - skip non existing resourceDirectory C:\Users\David\Desktop\POKEMON\pokemon-back\pokemon-back\src\test\resources
2020-10-21 01:25:01,966 [Worker-95] INFO  o.e.m.c.i.embedder.EclipseLogger - Using 'UTF-8' encoding to copy filtered resources.
2020-10-21 01:25:01,967 [Worker-95] INFO  o.e.m.c.i.embedder.EclipseLogger - skip non existing resourceDirectory C:\Users\David\Desktop\POKEMON\pokemon-back\pokemon-back\src\main\resources
2020-10-21 01:25:01,967 [Worker-95] INFO  o.e.m.c.i.embedder.EclipseLogger - skip non existing resourceDirectory C:\Users\David\Desktop\POKEMON\pokemon-back\pokemon-back\src\main\resources
2020-10-21 01:25:01,973 [Worker-95] INFO  o.e.m.c.i.embedder.EclipseLogger - Using 'UTF-8' encoding to copy filtered resources.
2020-10-21 01:25:01,974 [Worker-95] INFO  o.e.m.c.i.embedder.EclipseLogger - skip non existing resourceDirectory C:\Users\David\Desktop\POKEMON\pokemon-back\pokemon-back\src\test\resources
2020-10-21 01:25:11,761 [Worker-95] INFO  o.e.m.c.i.embedder.EclipseLogger - Using 'UTF-8' encoding to copy filtered resources.
2020-10-21 01:25:11,762 [Worker-95] INFO  o.e.m.c.i.embedder.EclipseLogger - skip non existing resourceDirectory C:\Users\David\Desktop\POKEMON\pokemon-back\pokemon-back\src\main\resources
2020-10-21 01:25:11,763 [Worker-95] INFO  o.e.m.c.i.embedder.EclipseLogger - skip non existing resourceDirectory C:\Users\David\Desktop\POKEMON\pokemon-back\pokemon-back\src\main\resources
2020-10-21 01:25:11,767 [Worker-95] INFO  o.e.m.c.i.embedder.EclipseLogger - Using 'UTF-8' encoding to copy filtered resources.
2020-10-21 01:25:11,767 [Worker-95] INFO  o.e.m.c.i.embedder.EclipseLogger - skip non existing resourceDirectory C:\Users\David\Desktop\POKEMON\pokemon-back\pokemon-back\src\test\resources
2020-10-21 01:42:14,359 [Worker-95] INFO  o.e.m.c.i.embedder.EclipseLogger - Using 'UTF-8' encoding to copy filtered resources.
2020-10-21 01:42:14,360 [Worker-95] INFO  o.e.m.c.i.embedder.EclipseLogger - skip non existing resourceDirectory C:\Users\David\Desktop\POKEMON\pokemon-back\pokemon-back\src\main\resources
2020-10-21 01:42:14,360 [Worker-95] INFO  o.e.m.c.i.embedder.EclipseLogger - skip non existing resourceDirectory C:\Users\David\Desktop\POKEMON\pokemon-back\pokemon-back\src\main\resources
2020-10-21 01:42:14,366 [Worker-95] INFO  o.e.m.c.i.embedder.EclipseLogger - Using 'UTF-8' encoding to copy filtered resources.
2020-10-21 01:42:14,368 [Worker-95] INFO  o.e.m.c.i.embedder.EclipseLogger - skip non existing resourceDirectory C:\Users\David\Desktop\POKEMON\pokemon-back\pokemon-back\src\test\resources
2020-10-21 01:42:15,485 [Worker-94] INFO  o.e.m.c.i.embedder.EclipseLogger - Using 'UTF-8' encoding to copy filtered resources.
2020-10-21 01:42:15,486 [Worker-94] INFO  o.e.m.c.i.embedder.EclipseLogger - skip non existing resourceDirectory C:\Users\David\Desktop\POKEMON\pokemon-back\pokemon-back\src\main\resources
2020-10-21 01:42:15,487 [Worker-94] INFO  o.e.m.c.i.embedder.EclipseLogger - skip non existing resourceDirectory C:\Users\David\Desktop\POKEMON\pokemon-back\pokemon-back\src\main\resources
2020-10-21 01:42:15,491 [Worker-94] INFO  o.e.m.c.i.embedder.EclipseLogger - Using 'UTF-8' encoding to copy filtered resources.
2020-10-21 01:42:15,499 [Worker-94] INFO  o.e.m.c.i.embedder.EclipseLogger - skip non existing resourceDirectory C:\Users\David\Desktop\POKEMON\pokemon-back\pokemon-back\src\test\resources
2020-10-21 07:54:42,756 [Worker-119] INFO  o.e.m.c.i.embedder.EclipseLogger - Using 'UTF-8' encoding to copy filtered resources.
2020-10-21 07:54:42,757 [Worker-119] INFO  o.e.m.c.i.embedder.EclipseLogger - skip non existing resourceDirectory C:\Users\David\Desktop\POKEMON\pokemon-back\pokemon-back\src\main\resources
2020-10-21 07:54:42,757 [Worker-119] INFO  o.e.m.c.i.embedder.EclipseLogger - skip non existing resourceDirectory C:\Users\David\Desktop\POKEMON\pokemon-back\pokemon-back\src\main\resources
2020-10-21 07:54:42,763 [Worker-119] INFO  o.e.m.c.i.embedder.EclipseLogger - Using 'UTF-8' encoding to copy filtered resources.
2020-10-21 07:54:42,764 [Worker-119] INFO  o.e.m.c.i.embedder.EclipseLogger - skip non existing resourceDirectory C:\Users\David\Desktop\POKEMON\pokemon-back\pokemon-back\src\test\resources
2020-10-21 07:55:28,946 [Worker-119] INFO  o.e.m.c.i.embedder.EclipseLogger - Using 'UTF-8' encoding to copy filtered resources.
2020-10-21 07:55:28,947 [Worker-119] INFO  o.e.m.c.i.embedder.EclipseLogger - skip non existing resourceDirectory C:\Users\David\Desktop\POKEMON\pokemon-back\pokemon-back\src\main\resources
2020-10-21 07:55:28,947 [Worker-119] INFO  o.e.m.c.i.embedder.EclipseLogger - skip non existing resourceDirectory C:\Users\David\Desktop\POKEMON\pokemon-back\pokemon-back\src\main\resources
2020-10-21 07:55:28,952 [Worker-119] INFO  o.e.m.c.i.embedder.EclipseLogger - Using 'UTF-8' encoding to copy filtered resources.
2020-10-21 07:55:28,953 [Worker-119] INFO  o.e.m.c.i.embedder.EclipseLogger - skip non existing resourceDirectory C:\Users\David\Desktop\POKEMON\pokemon-back\pokemon-back\src\test\resources
2020-10-21 08:45:51,316 [Worker-136] INFO  o.e.m.c.i.embedder.EclipseLogger - Using 'UTF-8' encoding to copy filtered resources.
2020-10-21 08:45:51,318 [Worker-136] INFO  o.e.m.c.i.embedder.EclipseLogger - skip non existing resourceDirectory C:\Users\David\Desktop\POKEMON\pokemon-back\pokemon-back\src\main\resources
2020-10-21 08:45:51,319 [Worker-136] INFO  o.e.m.c.i.embedder.EclipseLogger - skip non existing resourceDirectory C:\Users\David\Desktop\POKEMON\pokemon-back\pokemon-back\src\main\resources
2020-10-21 08:45:51,326 [Worker-136] INFO  o.e.m.c.i.embedder.EclipseLogger - Using 'UTF-8' encoding to copy filtered resources.
2020-10-21 08:45:51,327 [Worker-136] INFO  o.e.m.c.i.embedder.EclipseLogger - skip non existing resourceDirectory C:\Users\David\Desktop\POKEMON\pokemon-back\pokemon-back\src\test\resources
2020-10-21 08:51:23,782 [Worker-139] INFO  o.e.m.c.i.embedder.EclipseLogger - Using 'UTF-8' encoding to copy filtered resources.
2020-10-21 08:51:23,783 [Worker-139] INFO  o.e.m.c.i.embedder.EclipseLogger - skip non existing resourceDirectory C:\Users\David\Desktop\POKEMON\pokemon-back\pokemon-back\src\main\resources
2020-10-21 08:51:23,785 [Worker-139] INFO  o.e.m.c.i.embedder.EclipseLogger - skip non existing resourceDirectory C:\Users\David\Desktop\POKEMON\pokemon-back\pokemon-back\src\main\resources
2020-10-21 08:51:23,791 [Worker-139] INFO  o.e.m.c.i.embedder.EclipseLogger - Using 'UTF-8' encoding to copy filtered resources.
2020-10-21 08:51:23,793 [Worker-139] INFO  o.e.m.c.i.embedder.EclipseLogger - skip non existing resourceDirectory C:\Users\David\Desktop\POKEMON\pokemon-back\pokemon-back\src\test\resources
2020-10-21 08:53:43,626 [Worker-141] INFO  o.e.m.c.i.embedder.EclipseLogger - Using 'UTF-8' encoding to copy filtered resources.
2020-10-21 08:53:43,627 [Worker-141] INFO  o.e.m.c.i.embedder.EclipseLogger - skip non existing resourceDirectory C:\Users\David\Desktop\POKEMON\pokemon-back\pokemon-back\src\main\resources
2020-10-21 08:53:43,628 [Worker-141] INFO  o.e.m.c.i.embedder.EclipseLogger - skip non existing resourceDirectory C:\Users\David\Desktop\POKEMON\pokemon-back\pokemon-back\src\main\resources
2020-10-21 08:53:43,635 [Worker-141] INFO  o.e.m.c.i.embedder.EclipseLogger - Using 'UTF-8' encoding to copy filtered resources.
2020-10-21 08:53:43,637 [Worker-141] INFO  o.e.m.c.i.embedder.EclipseLogger - skip non existing resourceDirectory C:\Users\David\Desktop\POKEMON\pokemon-back\pokemon-back\src\test\resources
2020-10-21 08:56:46,528 [Worker-142] INFO  o.e.m.c.i.embedder.EclipseLogger - Using 'UTF-8' encoding to copy filtered resources.
2020-10-21 08:56:46,531 [Worker-142] INFO  o.e.m.c.i.embedder.EclipseLogger - skip non existing resourceDirectory C:\Users\David\Desktop\POKEMON\pokemon-back\pokemon-back\src\main\resources
2020-10-21 08:56:46,533 [Worker-142] INFO  o.e.m.c.i.embedder.EclipseLogger - skip non existing resourceDirectory C:\Users\David\Desktop\POKEMON\pokemon-back\pokemon-back\src\main\resources
2020-10-21 08:56:46,539 [Worker-142] INFO  o.e.m.c.i.embedder.EclipseLogger - Using 'UTF-8' encoding to copy filtered resources.
2020-10-21 08:56:46,540 [Worker-142] INFO  o.e.m.c.i.embedder.EclipseLogger - skip non existing resourceDirectory C:\Users\David\Desktop\POKEMON\pokemon-back\pokemon-back\src\test\resources
2020-10-21 08:57:49,914 [Worker-142] INFO  o.e.m.c.i.embedder.EclipseLogger - Using 'UTF-8' encoding to copy filtered resources.
2020-10-21 08:57:49,915 [Worker-142] INFO  o.e.m.c.i.embedder.EclipseLogger - skip non existing resourceDirectory C:\Users\David\Desktop\POKEMON\pokemon-back\pokemon-back\src\main\resources
2020-10-21 08:57:49,916 [Worker-142] INFO  o.e.m.c.i.embedder.EclipseLogger - skip non existing resourceDirectory C:\Users\David\Desktop\POKEMON\pokemon-back\pokemon-back\src\main\resources
2020-10-21 08:57:49,921 [Worker-142] INFO  o.e.m.c.i.embedder.EclipseLogger - Using 'UTF-8' encoding to copy filtered resources.
2020-10-21 08:57:49,922 [Worker-142] INFO  o.e.m.c.i.embedder.EclipseLogger - skip non existing resourceDirectory C:\Users\David\Desktop\POKEMON\pokemon-back\pokemon-back\src\test\resources
2020-10-21 11:40:08,794 [Worker-175] INFO  o.e.m.c.i.embedder.EclipseLogger - Using 'UTF-8' encoding to copy filtered resources.
2020-10-21 11:40:08,795 [Worker-175] INFO  o.e.m.c.i.embedder.EclipseLogger - skip non existing resourceDirectory C:\Users\David\Desktop\POKEMON\pokemon-back\pokemon-back\src\main\resources
2020-10-21 11:40:08,797 [Worker-175] INFO  o.e.m.c.i.embedder.EclipseLogger - skip non existing resourceDirectory C:\Users\David\Desktop\POKEMON\pokemon-back\pokemon-back\src\main\resources
2020-10-21 11:40:08,803 [Worker-175] INFO  o.e.m.c.i.embedder.EclipseLogger - Using 'UTF-8' encoding to copy filtered resources.
2020-10-21 11:40:08,803 [Worker-175] INFO  o.e.m.c.i.embedder.EclipseLogger - skip non existing resourceDirectory C:\Users\David\Desktop\POKEMON\pokemon-back\pokemon-back\src\test\resources
2020-10-21 12:27:15,335 [Worker-190] INFO  o.e.m.c.i.embedder.EclipseLogger - Using 'UTF-8' encoding to copy filtered resources.
2020-10-21 12:27:15,336 [Worker-190] INFO  o.e.m.c.i.embedder.EclipseLogger - skip non existing resourceDirectory C:\Users\David\Desktop\POKEMON\pokemon-back\pokemon-back\src\main\resources
2020-10-21 12:27:15,336 [Worker-190] INFO  o.e.m.c.i.embedder.EclipseLogger - skip non existing resourceDirectory C:\Users\David\Desktop\POKEMON\pokemon-back\pokemon-back\src\main\resources
2020-10-21 12:27:15,343 [Worker-190] INFO  o.e.m.c.i.embedder.EclipseLogger - Using 'UTF-8' encoding to copy filtered resources.
2020-10-21 12:27:15,343 [Worker-190] INFO  o.e.m.c.i.embedder.EclipseLogger - skip non existing resourceDirectory C:\Users\David\Desktop\POKEMON\pokemon-back\pokemon-back\src\test\resources
